TN:
SF:/Users/trungpham/Documents/splashkit-core/coresdk/src/backend/audio_driver.cpp
FNL:0,126,150
FNA:0,12,_ZN13splashkit_lib19sk_close_sound_dataEPNS_13sk_sound_dataE
FNL:1,152,179
FNA:1,6,_ZN13splashkit_lib13sk_play_soundEPNS_13sk_sound_dataEif
FNL:2,181,205
FNA:2,6,_ZN13splashkit_lib16sk_sound_playingEPNS_13sk_sound_dataE
FNL:3,207,234
FNA:3,0,_ZN13splashkit_lib10sk_fade_inEPNS_13sk_sound_dataEii
FNL:4,236,262
FNA:4,0,_ZN13splashkit_lib11sk_fade_outEPNS_13sk_sound_dataEi
FNL:5,264,268
FNA:5,0,_ZN13splashkit_lib29sk_fade_all_sound_effects_outEi
FNL:6,270,275
FNA:6,0,_ZN13splashkit_lib17sk_fade_music_outEi
FNL:7,277,281
FNA:7,6,_ZN13splashkit_lib16sk_set_music_volEd
FNL:8,283,286
FNA:8,8,_ZN13splashkit_lib12sk_music_volEv
FNL:9,289,305
FNA:9,0,_ZN13splashkit_lib15sk_sound_volumeEPNS_13sk_sound_dataE
FNL:10,307,325
FNA:10,0,_ZN13splashkit_lib19sk_set_sound_volumeEPNS_13sk_sound_dataEd
FNL:11,327,331
FNA:11,2,_ZN13splashkit_lib14sk_pause_musicEv
FNL:12,333,340
FNA:12,2,_ZN13splashkit_lib15sk_resume_musicEv
FNL:13,342,346
FNA:13,2,_ZN13splashkit_lib13sk_stop_musicEv
FNL:14,348,373
FNA:14,2,_ZN13splashkit_lib13sk_stop_soundEPNS_13sk_sound_dataE
FNL:15,35,38
FNA:15,2,_ZN13splashkit_lib13sk_init_audioEv
FNL:16,375,385
FNA:16,10,_ZN13splashkit_lib16sk_music_playingEv
FNL:17,387,389
FNA:17,0,_ZN13splashkit_lib16sk_current_musicEv
FNL:18,40,43
FNA:18,32,_ZN13splashkit_lib16sk_audio_is_openEv
FNL:19,46,63
FNA:19,6,_ZN13splashkit_lib13sk_open_audioEv
FNL:20,65,75
FNA:20,0,_ZN13splashkit_lib14sk_close_audioEv
FNL:21,77,89
FNA:21,6,_ZN13splashkit_lib14sk_get_channelEPNS_13sk_sound_dataE
FNL:22,93,124
FNA:22,18,_ZN13splashkit_lib18sk_load_sound_dataENSt3__112basic_stringIcNS0_11char_traitsIcEENS0_9allocatorIcEEEENS_13sk_sound_kindE
FNF:23
FNH:15
DA:35,2
DA:37,2
DA:38,2
DA:40,32
DA:42,32
DA:43,32
DA:46,6
DA:48,6
DA:49,6
DA:52,0
DA:56,6
DA:57,6
DA:58,6
DA:60,6
DA:62,6
DA:63,6
DA:65,0
DA:67,0
DA:68,0
DA:69,0
DA:71,0
DA:72,0
DA:73,0
DA:74,0
DA:75,0
DA:77,6
DA:79,6
DA:81,262
DA:83,258
DA:85,2
DA:87,256
DA:88,4
DA:89,6
DA:93,18
DA:95,18
DA:96,18
DA:98,18
DA:100,18
DA:104,12
DA:105,12
DA:109,6
DA:110,6
DA:113,0
DA:115,0
DA:118,18
DA:120,0
DA:121,0
DA:123,18
DA:124,18
DA:126,12
DA:128,12
DA:130,12
DA:133,6
DA:134,6
DA:137,6
DA:139,0
DA:140,0
DA:141,6
DA:142,6
DA:145,0
DA:148,12
DA:149,12
DA:150,12
DA:152,6
DA:154,6
DA:156,6
DA:160,2
DA:161,2
DA:162,2
DA:164,2
DA:165,2
DA:166,2
DA:167,2
DA:171,4
DA:172,4
DA:173,4
DA:174,4
DA:177,0
DA:179,6
DA:181,6
DA:183,6
DA:184,0
DA:187,6
DA:191,6
DA:192,6
DA:196,0
DA:197,0
DA:201,0
DA:204,0
DA:205,6
DA:207,0
DA:209,0
DA:211,0
DA:216,0
DA:217,0
DA:219,0
DA:220,0
DA:221,0
DA:226,0
DA:227,0
DA:228,0
DA:232,0
DA:234,0
DA:236,0
DA:238,0
DA:240,0
DA:244,0
DA:245,0
DA:246,0
DA:251,0
DA:253,0
DA:254,0
DA:255,0
DA:256,0
DA:260,0
DA:262,0
DA:264,0
DA:266,0
DA:267,0
DA:268,0
DA:270,0
DA:272,0
DA:273,0
DA:274,0
DA:275,0
DA:277,6
DA:279,6
DA:280,6
DA:281,6
DA:283,8
DA:285,8
DA:286,8
DA:289,0
DA:291,0
DA:293,0
DA:296,0
DA:297,0
DA:299,0
DA:301,0
DA:304,0
DA:305,0
DA:307,0
DA:309,0
DA:311,0
DA:314,0
DA:315,0
DA:316,0
DA:319,0
DA:320,0
DA:323,0
DA:325,0
DA:327,2
DA:329,2
DA:330,2
DA:331,2
DA:333,2
DA:335,2
DA:336,2
DA:338,2
DA:339,2
DA:340,2
DA:342,2
DA:344,2
DA:345,2
DA:346,2
DA:348,2
DA:350,2
DA:352,2
DA:355,0
DA:356,0
DA:360,130
DA:362,128
DA:364,2
DA:365,2
DA:366,128
DA:367,2
DA:371,0
DA:373,2
DA:375,10
DA:377,10
DA:378,10
DA:379,6
DA:383,4
DA:385,10
DA:387,0
DA:389,0
LF:186
LH:104
end_of_record
TN:
SF:/Users/trungpham/Documents/splashkit-core/coresdk/src/backend/backend_types.h
FNL:0,112,230
FNA:0,26,_ZN13splashkit_lib10image_dataC1Ev
FNA:0,26,_ZN13splashkit_lib10image_dataC2Ev
FNA:0,24,_ZN13splashkit_lib10image_dataD1Ev
FNA:0,24,_ZN13splashkit_lib10image_dataD2Ev
FNL:1,118,230
FNA:1,0,_ZN13splashkit_lib12_window_dataC1Ev
FNA:1,0,_ZN13splashkit_lib12_window_dataC2Ev
FNA:1,0,_ZN13splashkit_lib12_window_dataD1Ev
FNA:1,0,_ZN13splashkit_lib12_window_dataD2Ev
FNL:2,144,230
FNA:2,26,_ZN13splashkit_lib12_bitmap_dataC1Ev
FNA:2,26,_ZN13splashkit_lib12_bitmap_dataC2Ev
FNA:2,24,_ZN13splashkit_lib12_bitmap_dataD1Ev
FNA:2,24,_ZN13splashkit_lib12_bitmap_dataD2Ev
FNL:3,160,230
FNA:3,2,_ZN13splashkit_lib12sk_font_dataC1Ev
FNA:3,2,_ZN13splashkit_lib12sk_font_dataC2Ev
FNA:3,0,_ZN13splashkit_lib12sk_font_dataD1Ev
FNA:3,0,_ZN13splashkit_lib12sk_font_dataD2Ev
FNL:4,189,230
FNA:4,8,_ZN13splashkit_lib18sk_connection_dataC1Ev
FNA:4,8,_ZN13splashkit_lib18sk_connection_dataC2Ev
FNA:4,8,_ZN13splashkit_lib18sk_connection_dataD1Ev
FNA:4,8,_ZN13splashkit_lib18sk_connection_dataD2Ev
FNL:5,204,230
FNA:5,8,_ZN13splashkit_lib14sk_server_dataC1Ev
FNA:5,8,_ZN13splashkit_lib14sk_server_dataC2Ev
FNA:5,8,_ZN13splashkit_lib14sk_server_dataD1Ev
FNA:5,8,_ZN13splashkit_lib14sk_server_dataD2Ev
FNL:6,216,230
FNA:6,0,_ZN13splashkit_lib10sk_messageC1Ev
FNA:6,0,_ZN13splashkit_lib10sk_messageC2Ev
FNA:6,0,_ZN13splashkit_lib10sk_messageD1Ev
FNA:6,0,_ZN13splashkit_lib10sk_messageD2Ev
FNL:7,230,230
FNA:7,0,_ZN13splashkit_lib16sk_http_responseC1Ev
FNA:7,0,_ZN13splashkit_lib16sk_http_responseC2Ev
FNA:7,0,_ZN13splashkit_lib16sk_http_responseD1Ev
FNA:7,0,_ZN13splashkit_lib16sk_http_responseD2Ev
FNL:8,243,243
FNA:8,0,_ZN13splashkit_lib15sk_http_requestC1Ev
FNA:8,0,_ZN13splashkit_lib15sk_http_requestC2Ev
FNA:8,0,_ZN13splashkit_lib15sk_http_requestD1Ev
FNA:8,0,_ZN13splashkit_lib15sk_http_requestD2Ev
FNL:9,261
FNA:9,0,_ZN13splashkit_lib13sk_web_serverC1Ev
FNA:9,0,_ZN13splashkit_lib13sk_web_serverC2Ev
FNL:10,289
FNA:10,0,_ZN13splashkit_lib15_animation_dataC1Ev
FNA:10,0,_ZN13splashkit_lib15_animation_dataC2Ev
FNA:10,0,_ZN13splashkit_lib15_animation_dataD1Ev
FNA:10,0,_ZN13splashkit_lib15_animation_dataD2Ev
FNL:11,301
FNA:11,2,_ZN13splashkit_lib22_animation_script_dataC1Ev
FNA:11,2,_ZN13splashkit_lib22_animation_script_dataC2Ev
FNA:11,2,_ZN13splashkit_lib22_animation_script_dataD1Ev
FNA:11,2,_ZN13splashkit_lib22_animation_script_dataD2Ev
FNF:12
FNH:6
DA:230,0
DA:243,0
LF:2
LH:0
end_of_record
TN:
SF:/Users/trungpham/Documents/splashkit-core/coresdk/src/backend/concurrency_utils.h
FNL:0,106,116
FNA:0,0,_ZN13splashkit_lib7channelIPNS_15sk_http_requestEE8try_takeERS2_
FNL:1,26,34
FNA:1,0,_ZN13splashkit_lib9semaphoreD1Ev
FNA:1,0,_ZN13splashkit_lib9semaphoreD2Ev
FNL:2,34,37
FNA:2,0,_ZN13splashkit_lib9semaphoreC1Ev
FNA:2,0,_ZN13splashkit_lib9semaphoreC2Ev
FNL:3,44,52
FNA:3,0,_ZN13splashkit_lib9semaphore7acquireEv
FNL:4,54,63
FNA:4,0,_ZN13splashkit_lib9semaphore11try_acquireEv
FNL:5,65,70
FNA:5,0,_ZN13splashkit_lib9semaphore7releaseEi
FNL:6,74,74
FNA:6,0,_ZN13splashkit_lib7channelIPNS_15sk_http_requestEEC1Ev
FNA:6,0,_ZN13splashkit_lib7channelIPNS_15sk_http_requestEEC2Ev
FNL:7,81,85
FNA:7,0,_ZN13splashkit_lib7channelIPNS_15sk_http_requestEE7dequeueEv
FNL:8,89,96
FNA:8,0,_ZN13splashkit_lib7channelIPNS_15sk_http_requestEE3putES2_
FNL:9,98,104
FNA:9,0,_ZN13splashkit_lib7channelIPNS_15sk_http_requestEE4takeEv
FNF:10
FNH:0
DA:34,0
DA:35,0
DA:36,0
DA:37,0
DA:44,0
DA:46,0
DA:47,0
DA:49,0
DA:51,0
DA:52,0
DA:54,0
DA:56,0
DA:57,0
DA:58,0
DA:61,0
DA:62,0
DA:63,0
DA:65,0
DA:67,0
DA:68,0
DA:69,0
DA:70,0
DA:74,0
DA:81,0
DA:83,0
DA:84,0
DA:85,0
DA:89,0
DA:91,0
DA:92,0
DA:93,0
DA:95,0
DA:96,0
DA:98,0
DA:100,0
DA:102,0
DA:103,0
DA:104,0
DA:106,0
DA:108,0
DA:110,0
DA:111,0
DA:112,0
DA:113,0
DA:115,0
DA:116,0
LF:46
LH:0
end_of_record
TN:
SF:/Users/trungpham/Documents/splashkit-core/coresdk/src/backend/core_driver.cpp
FNL:0,150,165
FNA:0,2,_ZN13splashkit_lib17sk_setup_displaysEv
FNL:1,167,170
FNA:1,0,_ZN13splashkit_lib19sk_read_system_dataEv
FNL:2,173,189
FNA:2,0,_ZN13splashkit_lib11sk_finaliseEv
FNL:3,35,88
FNA:3,166,_ZN13splashkit_lib16internal_sk_initEv
FNL:4,90,148
FNA:4,2,_ZN13splashkit_lib16sk_setup_displayEiRNS_10sk_displayE
FNF:5
FNH:3
DA:35,166
DA:38,166
DA:39,2
DA:41,2
DA:47,2
DA:48,2
DA:55,0
DA:61,2
DA:62,2
DA:63,2
DA:64,2
DA:65,2
DA:66,2
DA:67,2
DA:68,2
DA:72,2
DA:73,2
DA:75,2
DA:77,2
DA:79,2
DA:81,2
DA:83,2
DA:85,2
DA:87,2
DA:88,166
DA:90,2
DA:95,2
DA:97,2
DA:99,2
DA:100,2
DA:101,2
DA:102,2
DA:103,2
DA:105,2
DA:106,2
DA:107,2
DA:109,2
DA:110,2
DA:111,2
DA:112,2
DA:115,26
DA:117,24
DA:118,24
DA:120,156
DA:122,132
DA:124,0
DA:125,0
DA:127,132
DA:129,24
DA:131,24
DA:132,24
DA:133,24
DA:136,0
DA:137,0
DA:138,0
DA:139,0
DA:141,24
DA:142,24
DA:143,24
DA:144,24
DA:145,24
DA:146,24
DA:147,24
DA:148,2
DA:150,2
DA:152,2
DA:153,2
DA:154,0
DA:157,2
DA:159,2
DA:161,4
DA:163,2
DA:164,2
DA:165,2
DA:167,0
DA:169,0
DA:170,0
DA:173,0
DA:177,0
DA:179,0
DA:180,0
DA:182,0
DA:188,0
DA:189,0
LF:84
LH:66
end_of_record
TN:
SF:/Users/trungpham/Documents/splashkit-core/coresdk/src/backend/graphics_driver.cpp
FNL:0,1018,1047
FNA:0,0,_ZN13splashkit_lib12sk_draw_rectEPNS_18sk_drawing_surfaceENS_5colorEPdi
FNL:1,1057,1097
FNA:1,0,_ZN13splashkit_lib12sk_fill_rectEPNS_18sk_drawing_surfaceENS_5colorEPdi
FNL:2,1100,1116
FNA:2,0,_ZN13splashkit_lib24_sk_draw_bitmap_remappedEPNS_18sk_drawing_surfaceES1_NS_9rectangleES2_NS_16sk_renderer_flipE
FNL:3,1118,1281
FNA:3,0,_ZN13splashkit_lib20sk_draw_blurred_rectEPNS_18sk_drawing_surfaceENS_5colorEddddi
FNL:4,113,149
FNA:4,0,_ZN13splashkit_lib17_sk_make_drawableEPNS_12sk_bitmap_beE
FNL:5,1288,1314
FNA:5,0,_ZN13splashkit_lib16sk_draw_triangleEPNS_18sk_drawing_surfaceENS_5colorEdddddd
FNL:6,1316,1343
FNA:6,0,_ZN13splashkit_lib16sk_fill_triangleEPNS_18sk_drawing_surfaceENS_5colorEdddddd
FNL:7,1349,1379
FNA:7,0,_ZN13splashkit_lib15sk_draw_ellipseEPNS_18sk_drawing_surfaceENS_5colorEdddd
FNL:8,1381,1411
FNA:8,0,_ZN13splashkit_lib15sk_fill_ellipseEPNS_18sk_drawing_surfaceENS_5colorEdddd
FNL:9,1418,1448
FNA:9,0,_ZN13splashkit_lib13sk_draw_pixelEPNS_18sk_drawing_surfaceENS_5colorEdd
FNL:10,1450,1486
FNA:10,0,_ZN13splashkit_lib19sk_set_bitmap_pixelEPNS_18sk_drawing_surfaceENS_5colorEii
FNL:11,1488,1520
FNA:11,0,_ZN13splashkit_lib17sk_refresh_bitmapEPNS_18sk_drawing_surfaceE
FNL:12,1522,1540
FNA:12,0,_ZN13splashkit_lib18sk_set_bitmap_tintEPNS_18sk_drawing_surfaceENS_5colorE
FNL:13,1543,1569
FNA:13,0,_ZN13splashkit_lib13sk_read_pixelEPNS_18sk_drawing_surfaceEii
FNL:14,1576,1609
FNA:14,0,_ZN13splashkit_lib14sk_draw_circleEPNS_18sk_drawing_surfaceENS_5colorEddd
FNL:15,1611,1644
FNA:15,0,_ZN13splashkit_lib14sk_fill_circleEPNS_18sk_drawing_surfaceENS_5colorEddd
FNL:16,1651,1695
FNA:16,0,_ZN13splashkit_lib12sk_draw_lineEPNS_18sk_drawing_surfaceENS_5colorEddddd
FNL:17,168,266
FNA:17,0,_ZN13splashkit_lib25_sk_create_initial_windowEv
FNL:18,1702,1736
FNA:18,0,_ZN13splashkit_lib16sk_set_clip_rectEPNS_18sk_drawing_surfaceEdddd
FNL:19,1738,1776
FNA:19,0,_ZN13splashkit_lib18sk_clear_clip_rectEPNS_18sk_drawing_surfaceE
FNL:20,1778,1842
FNA:20,1978950,_ZN13splashkit_lib10_get_pixelEP11SDL_Surfaceii
FNL:21,1848,1890
FNA:21,26,_ZN13splashkit_lib12sk_to_pixelsEPNS_18sk_drawing_surfaceEPii
FNL:22,1897,1919
FNA:22,0,_ZN13splashkit_lib14sk_show_borderEPNS_18sk_drawing_surfaceEb
FNL:23,1921,1943
FNA:23,0,_ZN13splashkit_lib18sk_show_fullscreenEPNS_18sk_drawing_surfaceEb
FNL:24,1945,2002
FNA:24,0,_ZN13splashkit_lib9sk_resizeEPNS_18sk_drawing_surfaceEii
FNL:25,2005,2008
FNA:25,0,_ZN13splashkit_lib13png_user_warnEP14png_struct_defPKc
FNL:26,2010,2013
FNA:26,0,_ZN13splashkit_lib14png_user_errorEP14png_struct_defPKc
FNL:27,2015,2085
FNA:27,0,_ZN13splashkit_lib11sk_save_pngEPNS_18sk_drawing_surfaceEPKc
FNL:28,2095,2129
FNA:28,0,_ZN13splashkit_lib16sk_create_bitmapEii
FNL:29,2132,2173
FNA:29,26,_ZN13splashkit_lib14sk_load_bitmapEPKc
FNL:30,2178,2257
FNA:30,0,_ZN13splashkit_lib14sk_draw_bitmapEPNS_18sk_drawing_surfaceES1_PdiS2_iNS_16sk_renderer_flipE
FNL:31,2259,2272
FNA:31,0,_ZN13splashkit_lib20sk_finalise_graphicsEv
FNL:32,270,293
FNA:32,0,_ZN13splashkit_lib16_sk_copy_textureEP11SDL_TextureP12SDL_RendererS3_
FNL:33,296,311
FNA:33,0,_ZN13splashkit_lib36_sk_create_texture_for_bitmap_windowEPNS_12sk_bitmap_beEjj
FNL:34,317,358
FNA:34,0,_ZN13splashkit_lib14_sk_add_windowEPNS_12sk_window_beE
FNL:35,360,368
FNA:35,0,_ZN13splashkit_lib35_sk_has_open_bitmap_without_surfaceEv
FNL:36,370,375
FNA:36,0,_ZN13splashkit_lib28_sk_get_pixels_from_rendererEP12SDL_RendereriiiiPi
FNL:37,377,393
FNA:37,0,_ZN13splashkit_lib31_sk_bitmap_be_texture_to_pixelsEPNS_12sk_bitmap_beEPiiii
FNL:38,395,454
FNA:38,0,_ZN13splashkit_lib20_sk_restore_surfacesEv
FNL:39,456,518
FNA:39,0,_ZN13splashkit_lib17_sk_remove_windowEPNS_12sk_window_beE
FNL:40,49,53
FNA:40,0,_ZN13splashkit_lib22_sk_get_window_with_idEj
FNL:41,520,544
FNA:41,0,_ZN13splashkit_lib18_sk_destroy_windowEPNS_12sk_window_beE
FNL:42,546,552
FNA:42,0,_ZN13splashkit_lib26_sk_destroy_initial_windowEv
FNL:43,559,568
FNA:43,26,_ZN13splashkit_lib14_sk_add_bitmapEPNS_12sk_bitmap_beE
FNL:44,56,69
FNA:44,0,_ZN13splashkit_lib27_sk_get_window_with_pointerEPv
FNL:45,573,619
FNA:45,24,_ZN13splashkit_lib17_sk_remove_bitmapEPNS_12sk_bitmap_beE
FNL:46,621,641
FNA:46,24,_ZN13splashkit_lib18_sk_destroy_bitmapEPNS_12sk_bitmap_beE
FNL:47,650,713
FNA:47,0,_ZN13splashkit_lib15_sk_open_windowEPKciijPNS_12sk_window_beE
FNL:48,719,761
FNA:48,0,_ZN13splashkit_lib14sk_open_windowEPKcii
FNL:49,763,787
FNA:49,24,_ZN13splashkit_lib24sk_close_drawing_surfaceEPNS_18sk_drawing_surfaceE
FNL:50,78,90
FNA:50,0,_ZN13splashkit_lib33_sk_restore_default_render_targetEPNS_12sk_window_beEPNS_12sk_bitmap_beE
FNL:51,789,797
FNA:51,0,_ZN13splashkit_lib11sk_set_iconEPNS_18sk_drawing_surfaceES1_
FNL:52,800,808
FNA:52,0,_ZN13splashkit_lib12_sk_do_clearEP12SDL_RendererNS_5colorE
FNL:53,810,823
FNA:53,0,_ZN13splashkit_lib16_sk_clear_windowEPNS_18sk_drawing_surfaceENS_5colorE
FNL:54,825,845
FNA:54,0,_ZN13splashkit_lib16_sk_clear_bitmapEPNS_18sk_drawing_surfaceENS_5colorE
FNL:55,847,864
FNA:55,0,_ZN13splashkit_lib24sk_clear_drawing_surfaceEPNS_18sk_drawing_surfaceENS_5colorE
FNL:56,866,876
FNA:56,0,_ZN13splashkit_lib18_sk_present_windowEPNS_12sk_window_beE
FNL:57,878,886
FNA:57,0,_ZN13splashkit_lib17sk_refresh_windowEPNS_18sk_drawing_surfaceE
FNL:58,892,914
FNA:58,0,_ZN13splashkit_lib21_sk_prepared_rendererEPNS_18sk_drawing_surfaceEj
FNL:59,916,930
FNA:59,0,_ZN13splashkit_lib19_sk_complete_renderEPNS_18sk_drawing_surfaceEj
FNL:60,92,95
FNA:60,0,_ZN13splashkit_lib33_sk_restore_default_render_targetEjPNS_12sk_bitmap_beE
FNL:61,932,946
FNA:61,0,_ZN13splashkit_lib18_sk_renderer_countEPNS_18sk_drawing_surfaceE
FNL:62,953,979
FNA:62,0,_ZN13splashkit_lib15sk_draw_aa_rectEPNS_18sk_drawing_surfaceENS_5colorEdddd
FNL:63,97,111
FNA:63,0,_ZN13splashkit_lib23_sk_set_renderer_targetEjPNS_12sk_bitmap_beE
FNL:64,981,1007
FNA:64,0,_ZN13splashkit_lib15sk_fill_aa_rectEPNS_18sk_drawing_surfaceENS_5colorEdddd
FNF:65
FNH:7
DA:49,0
DA:51,0
DA:53,0
DA:56,0
DA:58,0
DA:60,0
DA:62,0
DA:64,0
DA:66,0
DA:68,0
DA:69,0
DA:78,0
DA:80,0
DA:81,0
DA:82,0
DA:84,0
DA:85,0
DA:86,0
DA:88,0
DA:89,0
DA:90,0
DA:92,0
DA:94,0
DA:95,0
DA:97,0
DA:99,0
DA:100,0
DA:101,0
DA:103,0
DA:105,0
DA:106,0
DA:107,0
DA:109,0
DA:110,0
DA:111,0
DA:113,0
DA:119,0
DA:121,0
DA:123,0
DA:125,0
DA:127,0
DA:130,0
DA:131,0
DA:134,0
DA:135,0
DA:138,0
DA:140,0
DA:141,0
DA:144,0
DA:145,0
DA:148,0
DA:149,0
DA:168,0
DA:170,0
DA:171,0
DA:174,0
DA:177,0
DA:178,0
DA:180,0
DA:184,0
DA:186,0
DA:187,0
DA:190,0
DA:194,0
DA:196,0
DA:198,0
DA:200,0
DA:201,0
DA:203,0
DA:205,0
DA:206,0
DA:208,0
DA:213,0
DA:214,0
DA:216,0
DA:217,0
DA:218,0
DA:219,0
DA:221,0
DA:222,0
DA:224,0
DA:226,0
DA:227,0
DA:228,0
DA:230,0
DA:235,0
DA:236,0
DA:237,0
DA:238,0
DA:239,0
DA:241,0
DA:243,0
DA:245,0
DA:247,0
DA:250,0
DA:251,0
DA:253,0
DA:254,0
DA:255,0
DA:259,0
DA:261,0
DA:264,0
DA:265,0
DA:266,0
DA:270,0
DA:276,0
DA:277,0
DA:279,0
DA:280,0
DA:284,0
DA:285,0
DA:287,0
DA:288,0
DA:291,0
DA:293,0
DA:296,0
DA:298,0
DA:301,0
DA:303,0
DA:304,0
DA:307,0
DA:308,0
DA:309,0
DA:311,0
DA:317,0
DA:320,0
DA:322,0
DA:323,0
DA:324,0
DA:327,0
DA:329,0
DA:331,0
DA:332,0
DA:333,0
DA:337,0
DA:340,0
DA:342,0
DA:345,0
DA:346,0
DA:348,0
DA:350,0
DA:351,0
DA:354,0
DA:357,0
DA:358,0
DA:360,0
DA:362,0
DA:364,0
DA:365,0
DA:367,0
DA:368,0
DA:370,0
DA:372,0
DA:374,0
DA:375,0
DA:377,0
DA:379,0
DA:382,0
DA:383,0
DA:384,0
DA:385,0
DA:389,0
DA:390,0
DA:391,0
DA:393,0
DA:395,0
DA:407,0
DA:408,0
DA:409,0
DA:410,0
DA:413,0
DA:415,0
DA:418,0
DA:420,0
DA:421,0
DA:425,0
DA:427,0
DA:429,0
DA:431,0
DA:433,0
DA:434,0
DA:435,0
DA:437,0
DA:440,0
DA:441,0
DA:443,0
DA:444,0
DA:445,0
DA:446,0
DA:448,0
DA:451,0
DA:452,0
DA:453,0
DA:454,0
DA:456,0
DA:458,0
DA:459,0
DA:461,0
DA:462,0
DA:465,0
DA:468,0
DA:469,0
DA:472,0
DA:475,0
DA:478,0
DA:480,0
DA:481,0
DA:484,0
DA:485,0
DA:488,0
DA:490,0
DA:491,0
DA:492,0
DA:493,0
DA:494,0
DA:496,0
DA:498,0
DA:500,0
DA:502,0
DA:503,0
DA:505,0
DA:509,0
DA:511,0
DA:514,0
DA:515,0
DA:518,0
DA:520,0
DA:522,0
DA:524,0
DA:526,0
DA:527,0
DA:529,0
DA:530,0
DA:532,0
DA:533,0
DA:534,0
DA:535,0
DA:537,0
DA:539,0
DA:540,0
DA:541,0
DA:543,0
DA:544,0
DA:546,0
DA:548,0
DA:550,0
DA:551,0
DA:552,0
DA:559,26
DA:561,26
DA:562,26
DA:564,26
DA:566,26
DA:567,26
DA:568,26
DA:573,24
DA:575,24
DA:576,30
DA:578,30
DA:579,6
DA:581,24
DA:584,0
DA:588,32
DA:590,8
DA:591,8
DA:594,24
DA:595,24
DA:597,8
DA:599,8
DA:601,0
DA:605,8
DA:607,8
DA:610,16
DA:611,16
DA:614,24
DA:617,0
DA:619,24
DA:621,24
DA:623,24
DA:625,24
DA:627,0
DA:628,0
DA:629,0
DA:630,24
DA:632,24
DA:634,24
DA:635,24
DA:637,24
DA:638,24
DA:640,24
DA:641,24
DA:650,0
DA:652,0
DA:655,0
DA:656,0
DA:657,0
DA:659,0
DA:661,0
DA:662,0
DA:667,0
DA:668,0
DA:669,0
DA:672,0
DA:676,0
DA:678,0
DA:680,0
DA:682,0
DA:683,0
DA:685,0
DA:689,0
DA:690,0
DA:691,0
DA:692,0
DA:694,0
DA:696,0
DA:697,0
DA:698,0
DA:700,0
DA:702,0
DA:704,0
DA:705,0
DA:707,0
DA:708,0
DA:709,0
DA:711,0
DA:713,0
DA:719,0
DA:721,0
DA:722,0
DA:726,0
DA:728,0
DA:730,0
DA:731,0
DA:734,0
DA:736,0
DA:737,0
DA:740,0
DA:742,0
DA:743,0
DA:745,0
DA:746,0
DA:747,0
DA:748,0
DA:750,0
DA:752,0
DA:753,0
DA:755,0
DA:756,0
DA:758,0
DA:760,0
DA:761,0
DA:763,24
DA:765,24
DA:767,0
DA:768,0
DA:771,24
DA:774,0
DA:775,0
DA:778,24
DA:779,24
DA:782,0
DA:785,24
DA:786,24
DA:787,24
DA:789,0
DA:791,0
DA:793,0
DA:794,0
DA:796,0
DA:797,0
DA:800,0
DA:802,0
DA:803,0
DA:804,0
DA:805,0
DA:806,0
DA:807,0
DA:808,0
DA:810,0
DA:813,0
DA:815,0
DA:817,0
DA:820,0
DA:821,0
DA:822,0
DA:823,0
DA:825,0
DA:827,0
DA:829,0
DA:831,0
DA:833,0
DA:835,0
DA:836,0
DA:838,0
DA:840,0
DA:842,0
DA:843,0
DA:844,0
DA:845,0
DA:847,0
DA:849,0
DA:851,0
DA:854,0
DA:855,0
DA:858,0
DA:859,0
DA:862,0
DA:864,0
DA:866,0
DA:868,0
DA:870,0
DA:872,0
DA:873,0
DA:874,0
DA:875,0
DA:876,0
DA:878,0
DA:880,0
DA:883,0
DA:885,0
DA:886,0
DA:892,0
DA:894,0
DA:897,0
DA:901,0
DA:902,0
DA:903,0
DA:905,0
DA:906,0
DA:907,0
DA:910,0
DA:912,0
DA:914,0
DA:916,0
DA:918,0
DA:921,0
DA:923,0
DA:924,0
DA:925,0
DA:926,0
DA:928,0
DA:930,0
DA:932,0
DA:934,0
DA:937,0
DA:940,0
DA:941,0
DA:942,0
DA:944,0
DA:946,0
DA:953,0
DA:955,0
DA:957,0
DA:958,0
DA:959,0
DA:960,0
DA:961,0
DA:964,0
DA:966,0
DA:968,0
DA:969,0
DA:970,0
DA:971,0
DA:972,0
DA:973,0
DA:975,0
DA:977,0
DA:978,0
DA:979,0
DA:981,0
DA:983,0
DA:985,0
DA:986,0
DA:987,0
DA:988,0
DA:989,0
DA:992,0
DA:994,0
DA:996,0
DA:997,0
DA:998,0
DA:999,0
DA:1000,0
DA:1001,0
DA:1003,0
DA:1005,0
DA:1006,0
DA:1007,0
DA:1018,0
DA:1020,0
DA:1021,0
DA:1024,0
DA:1025,0
DA:1026,0
DA:1027,0
DA:1029,0
DA:1031,0
DA:1033,0
DA:1034,0
DA:1035,0
DA:1036,0
DA:1037,0
DA:1038,0
DA:1040,0
DA:1041,0
DA:1042,0
DA:1043,0
DA:1045,0
DA:1046,0
DA:1047,0
DA:1057,0
DA:1059,0
DA:1060,0
DA:1065,0
DA:1066,0
DA:1067,0
DA:1068,0
DA:1070,0
DA:1071,0
DA:1072,0
DA:1073,0
DA:1075,0
DA:1077,0
DA:1079,0
DA:1080,0
DA:1081,0
DA:1082,0
DA:1083,0
DA:1084,0
DA:1085,0
DA:1086,0
DA:1087,0
DA:1090,0
DA:1092,0
DA:1093,0
DA:1095,0
DA:1096,0
DA:1097,0
DA:1100,0
DA:1102,0
DA:1103,0
DA:1104,0
DA:1105,0
DA:1106,0
DA:1107,0
DA:1108,0
DA:1110,0
DA:1111,0
DA:1112,0
DA:1113,0
DA:1115,0
DA:1116,0
DA:1118,0
DA:1140,0
DA:1142,0
DA:1145,0
DA:1147,0
DA:1150,0
DA:1151,0
DA:1152,0
DA:1153,0
DA:1155,0
DA:1157,0
DA:1160,0
DA:1163,0
DA:1165,0
DA:1167,0
DA:1169,0
DA:1170,0
DA:1173,0
DA:1174,0
DA:1175,0
DA:1176,0
DA:1179,0
DA:1180,0
DA:1183,0
DA:1184,0
DA:1186,0
DA:1188,0
DA:1189,0
DA:1191,0
DA:1192,0
DA:1193,0
DA:1196,0
DA:1197,0
DA:1200,0
DA:1201,0
DA:1203,0
DA:1204,0
DA:1205,0
DA:1208,0
DA:1210,0
DA:1212,0
DA:1213,0
DA:1215,0
DA:1217,0
DA:1218,0
DA:1219,0
DA:1221,0
DA:1224,0
DA:1225,0
DA:1226,0
DA:1229,0
DA:1232,0
DA:1233,0
DA:1234,0
DA:1235,0
DA:1240,0
DA:1241,0
DA:1243,0
DA:1244,0
DA:1245,0
DA:1246,0
DA:1249,0
DA:1250,0
DA:1251,0
DA:1252,0
DA:1257,0
DA:1260,0
DA:1262,0
DA:1265,0
DA:1267,0
DA:1270,0
DA:1272,0
DA:1275,0
DA:1277,0
DA:1280,0
DA:1281,0
DA:1288,0
DA:1290,0
DA:1293,0
DA:1294,0
DA:1295,0
DA:1297,0
DA:1299,0
DA:1301,0
DA:1302,0
DA:1303,0
DA:1304,0
DA:1305,0
DA:1306,0
DA:1308,0
DA:1309,0
DA:1310,0
DA:1312,0
DA:1313,0
DA:1314,0
DA:1316,0
DA:1318,0
DA:1320,0
DA:1322,0
DA:1324,0
DA:1325,0
DA:1326,0
DA:1327,0
DA:1328,0
DA:1329,0
DA:1330,0
DA:1331,0
DA:1332,0
DA:1333,0
DA:1336,0
DA:1338,0
DA:1339,0
DA:1341,0
DA:1342,0
DA:1343,0
DA:1349,0
DA:1351,0
DA:1354,0
DA:1355,0
DA:1357,0
DA:1359,0
DA:1361,0
DA:1362,0
DA:1363,0
DA:1364,0
DA:1365,0
DA:1366,0
DA:1367,0
DA:1368,0
DA:1369,0
DA:1370,0
DA:1372,0
DA:1374,0
DA:1375,0
DA:1377,0
DA:1378,0
DA:1379,0
DA:1381,0
DA:1383,0
DA:1386,0
DA:1387,0
DA:1389,0
DA:1391,0
DA:1393,0
DA:1394,0
DA:1395,0
DA:1396,0
DA:1397,0
DA:1398,0
DA:1399,0
DA:1400,0
DA:1401,0
DA:1402,0
DA:1404,0
DA:1406,0
DA:1407,0
DA:1409,0
DA:1410,0
DA:1411,0
DA:1418,0
DA:1420,0
DA:1422,0
DA:1424,0
DA:1426,0
DA:1427,0
DA:1428,0
DA:1429,0
DA:1430,0
DA:1431,0
DA:1443,0
DA:1445,0
DA:1446,0
DA:1448,0
DA:1450,0
DA:1454,0
DA:1455,0
DA:1457,0
DA:1461,0
DA:1463,0
DA:1464,0
DA:1468,0
DA:1470,0
DA:1471,0
DA:1472,0
DA:1476,0
DA:1477,0
DA:1479,0
DA:1480,0
DA:1481,0
DA:1482,0
DA:1483,0
DA:1484,0
DA:1485,0
DA:1486,0
DA:1488,0
DA:1492,0
DA:1493,0
DA:1496,0
DA:1500,0
DA:1504,0
DA:1506,0
DA:1508,0
DA:1511,0
DA:1512,0
DA:1515,0
DA:1516,0
DA:1519,0
DA:1520,0
DA:1522,0
DA:1526,0
DA:1527,0
DA:1530,0
DA:1532,0
DA:1534,0
DA:1535,0
DA:1536,0
DA:1538,0
DA:1539,0
DA:1540,0
DA:1543,0
DA:1545,0
DA:1546,0
DA:1548,0
DA:1550,0
DA:1552,0
DA:1554,0
DA:1556,0
DA:1560,0
DA:1561,0
DA:1562,0
DA:1563,0
DA:1564,0
DA:1566,0
DA:1568,0
DA:1569,0
DA:1576,0
DA:1578,0
DA:1581,0
DA:1582,0
DA:1584,0
DA:1586,0
DA:1588,0
DA:1589,0
DA:1591,0
DA:1592,0
DA:1593,0
DA:1594,0
DA:1595,0
DA:1596,0
DA:1597,0
DA:1598,0
DA:1599,0
DA:1602,0
DA:1604,0
DA:1605,0
DA:1607,0
DA:1608,0
DA:1609,0
DA:1611,0
DA:1613,0
DA:1616,0
DA:1617,0
DA:1619,0
DA:1621,0
DA:1623,0
DA:1624,0
DA:1626,0
DA:1627,0
DA:1628,0
DA:1629,0
DA:1630,0
DA:1631,0
DA:1632,0
DA:1633,0
DA:1634,0
DA:1637,0
DA:1639,0
DA:1640,0
DA:1642,0
DA:1643,0
DA:1644,0
DA:1651,0
DA:1653,0
DA:1656,0
DA:1657,0
DA:1660,0
DA:1662,0
DA:1664,0
DA:1666,0
DA:1668,0
DA:1670,0
DA:1672,0
DA:1673,0
DA:1674,0
DA:1675,0
DA:1676,0
DA:1678,0
DA:1679,0
DA:1682,0
DA:1683,0
DA:1684,0
DA:1685,0
DA:1686,0
DA:1687,0
DA:1688,0
DA:1689,0
DA:1690,0
DA:1691,0
DA:1693,0
DA:1694,0
DA:1695,0
DA:1702,0
DA:1704,0
DA:1707,0
DA:1708,0
DA:1710,0
DA:1714,0
DA:1716,0
DA:1717,0
DA:1719,0
DA:1720,0
DA:1725,0
DA:1727,0
DA:1728,0
DA:1730,0
DA:1734,0
DA:1736,0
DA:1738,0
DA:1740,0
DA:1745,0
DA:1747,0
DA:1748,0
DA:1749,0
DA:1751,0
DA:1756,0
DA:1758,0
DA:1759,0
DA:1770,0
DA:1774,0
DA:1776,0
DA:1778,1978950
DA:1782,1978950
DA:1784,3957900
DA:1785,1978950
DA:1786,1978950
DA:1788,1978950
DA:1792,1978950
DA:1794,0
DA:1795,0
DA:1797,0
DA:1798,0
DA:1803,0
DA:1805,0
DA:1807,1978950
DA:1808,1978950
DA:1810,0
DA:1811,0
DA:1815,1978950
DA:1816,1978950
DA:1842,1978950
DA:1848,26
DA:1850,26
DA:1852,26
DA:1857,0
DA:1860,0
DA:1862,0
DA:1867,26
DA:1869,26
DA:1871,0
DA:1872,0
DA:1876,4376
DA:1878,1983300
DA:1880,1978950
DA:1881,1978950
DA:1882,4350
DA:1884,26
DA:1888,0
DA:1890,26
DA:1897,0
DA:1899,0
DA:1902,0
DA:1904,0
DA:1908,0
DA:1909,0
DA:1910,0
DA:1914,0
DA:1917,0
DA:1919,0
DA:1921,0
DA:1923,0
DA:1926,0
DA:1928,0
DA:1932,0
DA:1933,0
DA:1934,0
DA:1938,0
DA:1941,0
DA:1943,0
DA:1945,0
DA:1947,0
DA:1950,0
DA:1952,0
DA:1956,0
DA:1959,0
DA:1962,0
DA:1965,0
DA:1966,0
DA:1967,0
DA:1970,0
DA:1971,0
DA:1972,0
DA:1975,0
DA:1978,0
DA:1979,0
DA:1980,0
DA:1981,0
DA:1984,0
DA:1986,0
DA:1987,0
DA:1990,0
DA:1992,0
DA:1993,0
DA:1997,0
DA:2000,0
DA:2002,0
DA:2005,0
DA:2008,0
DA:2010,0
DA:2013,0
DA:2015,0
DA:2017,0
DA:2028,0
DA:2030,0
DA:2033,0
DA:2034,0
DA:2036,0
DA:2037,0
DA:2040,0
DA:2041,0
DA:2043,0
DA:2044,0
DA:2045,0
DA:2048,0
DA:2050,0
DA:2051,0
DA:2052,0
DA:2056,0
DA:2058,0
DA:2059,0
DA:2060,0
DA:2063,0
DA:2064,0
DA:2066,0
DA:2068,0
DA:2070,0
DA:2072,0
DA:2073,0
DA:2075,0
DA:2076,0
DA:2079,0
DA:2080,0
DA:2081,0
DA:2083,0
DA:2084,0
DA:2085,0
DA:2095,0
DA:2097,0
DA:2098,0
DA:2100,0
DA:2102,0
DA:2103,0
DA:2105,0
DA:2106,0
DA:2107,0
DA:2109,0
DA:2110,0
DA:2111,0
DA:2112,0
DA:2113,0
DA:2115,0
DA:2117,0
DA:2119,0
DA:2121,0
DA:2122,0
DA:2123,0
DA:2125,0
DA:2126,0
DA:2128,0
DA:2129,0
DA:2132,26
DA:2134,26
DA:2135,26
DA:2139,26
DA:2141,26
DA:2142,0
DA:2143,0
DA:2145,26
DA:2147,26
DA:2150,26
DA:2151,0
DA:2153,26
DA:2155,26
DA:2158,0
DA:2159,0
DA:2161,26
DA:2162,26
DA:2163,26
DA:2164,26
DA:2166,26
DA:2167,26
DA:2168,26
DA:2170,26
DA:2172,26
DA:2173,26
DA:2178,0
DA:2180,0
DA:2181,0
DA:2183,0
DA:2184,0
DA:2187,0
DA:2188,0
DA:2189,0
DA:2190,0
DA:2191,0
DA:2192,0
DA:2193,0
DA:2195,0
DA:2196,0
DA:2199,0
DA:2200,0
DA:2201,0
DA:2202,0
DA:2208,0
DA:2209,0
DA:2210,0
DA:2211,0
DA:2212,0
DA:2215,0
DA:2216,0
DA:2217,0
DA:2218,0
DA:2219,0
DA:2223,0
DA:2226,0
DA:2227,0
DA:2229,0
DA:2231,0
DA:2233,0
DA:2236,0
DA:2238,0
DA:2240,0
DA:2241,0
DA:2243,0
DA:2246,0
DA:2247,0
DA:2248,0
DA:2250,0
DA:2253,0
DA:2255,0
DA:2256,0
DA:2257,0
DA:2259,0
DA:2262,0
DA:2264,0
DA:2265,0
DA:2268,0
DA:2270,0
DA:2271,0
DA:2272,0
LF:1121
LH:89
end_of_record
TN:
SF:/Users/trungpham/Documents/splashkit-core/coresdk/src/backend/input_driver.cpp
FNL:0,0,29
FNA:0,4,__cxx_global_var_init
FNA:0,4,__cxx_global_var_init.1
FNL:1,298,305
FNA:1,0,_ZN13splashkit_lib18_stop_reading_textEPNS_12_window_dataE
FNL:2,307,371
FNA:2,0,_ZN13splashkit_lib16_handle_key_typeEi
FNL:3,31,296
FNA:3,2,_ZN13splashkit_lib14_init_key_mapsEv
FNL:4,373,381
FNA:4,0,_ZN13splashkit_lib18_handle_input_textEPc
FNL:5,383,390
FNA:5,0,_ZN13splashkit_lib20_handle_editing_textEPcii
FNL:6,392,412
FNA:6,0,_ZN13splashkit_lib21sk_start_reading_textEPNS_12_window_dataEddddNSt3__112basic_stringIcNS2_11char_traitsIcEENS2_9allocatorIcEEEE
FNL:7,414,422
FNA:7,0,_ZN13splashkit_lib19sk_end_reading_textEv
FNL:8,424,433
FNA:8,0,_ZN13splashkit_lib20window_for_window_beEPNS_12sk_window_beE
FNL:9,435,459
FNA:9,0,_ZN13splashkit_lib17_handle_new_focusEPNS_12sk_window_beE
FNL:10,461,539
FNA:10,0,_ZN13splashkit_lib23_sk_handle_window_eventEP9SDL_Event
FNL:11,541,668
FNA:11,0,_ZN13splashkit_lib17sk_process_eventsEv
FNL:12,670,680
FNA:12,0,_ZN13splashkit_lib25sk_window_close_requestedEPNS_18sk_drawing_surfaceE
FNL:13,682,696
FNA:13,0,_ZN13splashkit_lib14sk_key_pressedEi
FNL:14,700,707
FNA:14,0,_ZN13splashkit_lib27sk_start_unicode_text_inputEiiii
FNL:15,709,730
FNA:15,0,_ZN13splashkit_lib13sk_warp_mouseEPNS_18sk_drawing_surfaceEii
FNL:16,732,735
FNA:16,0,_ZN13splashkit_lib15sk_focus_windowEv
FNL:17,738,759
FNA:17,0,_ZN13splashkit_lib18sk_window_positionEPNS_18sk_drawing_surfaceEPiS2_
FNL:18,761,780
FNA:18,0,_ZN13splashkit_lib24sk_get_window_event_dataEPNS_18sk_drawing_surfaceE
FNL:19,782,800
FNA:19,0,_ZN13splashkit_lib14sk_move_windowEPNS_18sk_drawing_surfaceEii
FNL:20,802,809
FNA:20,0,_ZN13splashkit_lib17sk_mouse_positionERdS0_
FNL:21,811,818
FNA:21,0,_ZN13splashkit_lib17sk_mouse_movementERdS0_
FNL:22,820,823
FNA:22,0,_ZN13splashkit_lib20sk_mouse_button_downEj
FNL:23,826,831
FNA:23,0,_ZN13splashkit_lib13sk_show_mouseEi
FNL:24,833,835
FNA:24,0,_ZN13splashkit_lib11sk_key_nameENS_8key_codeE
FNF:25
FNH:2
DA:28,4
DA:29,4
DA:31,2
DA:33,2
DA:35,2
DA:36,2
DA:37,2
DA:38,2
DA:39,2
DA:40,2
DA:41,2
DA:42,2
DA:43,2
DA:44,2
DA:45,2
DA:46,2
DA:47,2
DA:48,2
DA:49,2
DA:50,2
DA:51,2
DA:52,2
DA:53,2
DA:54,2
DA:55,2
DA:56,2
DA:57,2
DA:58,2
DA:59,2
DA:60,2
DA:61,2
DA:62,2
DA:63,2
DA:64,2
DA:65,2
DA:66,2
DA:67,2
DA:68,2
DA:69,2
DA:70,2
DA:71,2
DA:72,2
DA:73,2
DA:74,2
DA:75,2
DA:76,2
DA:77,2
DA:78,2
DA:79,2
DA:80,2
DA:81,2
DA:82,2
DA:83,2
DA:84,2
DA:85,2
DA:86,2
DA:87,2
DA:88,2
DA:89,2
DA:90,2
DA:91,2
DA:92,2
DA:93,2
DA:94,2
DA:95,2
DA:96,2
DA:97,2
DA:98,2
DA:99,2
DA:100,2
DA:101,2
DA:102,2
DA:103,2
DA:104,2
DA:105,2
DA:106,2
DA:107,2
DA:108,2
DA:109,2
DA:110,2
DA:111,2
DA:112,2
DA:113,2
DA:114,2
DA:115,2
DA:116,2
DA:117,2
DA:118,2
DA:119,2
DA:120,2
DA:121,2
DA:122,2
DA:123,2
DA:124,2
DA:125,2
DA:126,2
DA:127,2
DA:128,2
DA:129,2
DA:130,2
DA:131,2
DA:132,2
DA:133,2
DA:134,2
DA:135,2
DA:136,2
DA:137,2
DA:138,2
DA:139,2
DA:140,2
DA:141,2
DA:142,2
DA:143,2
DA:144,2
DA:145,2
DA:146,2
DA:147,2
DA:148,2
DA:149,2
DA:150,2
DA:151,2
DA:152,2
DA:153,2
DA:154,2
DA:155,2
DA:156,2
DA:157,2
DA:158,2
DA:159,2
DA:160,2
DA:161,2
DA:162,2
DA:163,2
DA:167,2
DA:168,2
DA:169,2
DA:170,2
DA:171,2
DA:172,2
DA:173,2
DA:174,2
DA:175,2
DA:176,2
DA:177,2
DA:178,2
DA:179,2
DA:180,2
DA:181,2
DA:182,2
DA:183,2
DA:184,2
DA:185,2
DA:186,2
DA:187,2
DA:188,2
DA:189,2
DA:190,2
DA:191,2
DA:192,2
DA:193,2
DA:194,2
DA:195,2
DA:196,2
DA:197,2
DA:198,2
DA:199,2
DA:200,2
DA:201,2
DA:202,2
DA:203,2
DA:204,2
DA:205,2
DA:206,2
DA:207,2
DA:208,2
DA:209,2
DA:210,2
DA:211,2
DA:212,2
DA:213,2
DA:214,2
DA:215,2
DA:216,2
DA:217,2
DA:218,2
DA:219,2
DA:220,2
DA:221,2
DA:222,2
DA:223,2
DA:224,2
DA:225,2
DA:226,2
DA:227,2
DA:228,2
DA:229,2
DA:230,2
DA:231,2
DA:232,2
DA:233,2
DA:234,2
DA:235,2
DA:236,2
DA:237,2
DA:238,2
DA:239,2
DA:240,2
DA:241,2
DA:242,2
DA:243,2
DA:244,2
DA:245,2
DA:246,2
DA:247,2
DA:248,2
DA:249,2
DA:250,2
DA:251,2
DA:252,2
DA:253,2
DA:254,2
DA:255,2
DA:256,2
DA:257,2
DA:258,2
DA:259,2
DA:260,2
DA:261,2
DA:262,2
DA:263,2
DA:264,2
DA:265,2
DA:266,2
DA:267,2
DA:268,2
DA:269,2
DA:270,2
DA:271,2
DA:272,2
DA:273,2
DA:274,2
DA:275,2
DA:276,2
DA:277,2
DA:278,2
DA:279,2
DA:280,2
DA:281,2
DA:282,2
DA:283,2
DA:284,2
DA:285,2
DA:286,2
DA:287,2
DA:288,2
DA:289,2
DA:290,2
DA:291,2
DA:292,2
DA:293,2
DA:294,2
DA:295,2
DA:296,2
DA:298,0
DA:300,0
DA:302,0
DA:303,0
DA:304,0
DA:305,0
DA:307,0
DA:309,0
DA:311,0
DA:312,0
DA:314,0
DA:318,0
DA:319,0
DA:320,0
DA:321,0
DA:322,0
DA:329,0
DA:330,0
DA:331,0
DA:337,0
DA:342,0
DA:343,0
DA:344,0
DA:350,0
DA:355,0
DA:356,0
DA:357,0
DA:362,0
DA:363,0
DA:364,0
DA:365,0
DA:369,0
DA:371,0
DA:373,0
DA:375,0
DA:376,0
DA:378,0
DA:379,0
DA:380,0
DA:381,0
DA:383,0
DA:385,0
DA:386,0
DA:388,0
DA:389,0
DA:390,0
DA:392,0
DA:394,0
DA:395,0
DA:396,0
DA:397,0
DA:398,0
DA:401,0
DA:402,0
DA:403,0
DA:404,0
DA:405,0
DA:407,0
DA:409,0
DA:410,0
DA:411,0
DA:412,0
DA:414,0
DA:416,0
DA:417,0
DA:419,0
DA:421,0
DA:422,0
DA:424,0
DA:426,0
DA:428,0
DA:429,0
DA:430,0
DA:432,0
DA:433,0
DA:435,0
DA:437,0
DA:439,0
DA:441,0
DA:445,0
DA:446,0
DA:447,0
DA:448,0
DA:449,0
DA:450,0
DA:451,0
DA:454,0
DA:456,0
DA:457,0
DA:459,0
DA:461,0
DA:463,0
DA:465,0
DA:466,0
DA:469,0
DA:472,0
DA:474,0
DA:476,0
DA:478,0
DA:481,0
DA:486,0
DA:488,0
DA:489,0
DA:491,0
DA:493,0
DA:495,0
DA:496,0
DA:498,0
DA:501,0
DA:504,0
DA:507,0
DA:509,0
DA:512,0
DA:515,0
DA:516,0
DA:518,0
DA:519,0
DA:520,0
DA:521,0
DA:524,0
DA:526,0
DA:529,0
DA:532,0
DA:533,0
DA:537,0
DA:539,0
DA:541,0
DA:543,0
DA:546,0
DA:548,0
DA:552,0
DA:553,0
DA:559,0
DA:561,0
DA:562,0
DA:563,0
DA:568,0
DA:570,0
DA:571,0
DA:572,0
DA:574,0
DA:576,0
DA:581,0
DA:583,0
DA:584,0
DA:585,0
DA:586,0
DA:588,0
DA:590,0
DA:595,0
DA:597,0
DA:598,0
DA:599,0
DA:601,0
DA:603,0
DA:608,0
DA:610,0
DA:611,0
DA:612,0
DA:614,0
DA:616,0
DA:621,0
DA:623,0
DA:624,0
DA:626,0
DA:628,0
DA:635,0
DA:636,0
DA:637,0
DA:639,0
DA:641,0
DA:648,0
DA:650,0
DA:653,0
DA:655,0
DA:660,0
DA:662,0
DA:667,0
DA:668,0
DA:670,0
DA:672,0
DA:674,0
DA:676,0
DA:678,0
DA:679,0
DA:680,0
DA:682,0
DA:684,0
DA:687,0
DA:690,0
DA:692,0
DA:694,0
DA:695,0
DA:696,0
DA:700,0
DA:702,0
DA:703,0
DA:704,0
DA:706,0
DA:707,0
DA:709,0
DA:711,0
DA:713,0
DA:718,0
DA:720,0
DA:721,0
DA:725,0
DA:728,0
DA:730,0
DA:732,0
DA:734,0
DA:735,0
DA:738,0
DA:740,0
DA:742,0
DA:747,0
DA:749,0
DA:750,0
DA:754,0
DA:757,0
DA:759,0
DA:761,0
DA:763,0
DA:765,0
DA:767,0
DA:772,0
DA:774,0
DA:778,0
DA:780,0
DA:782,0
DA:784,0
DA:786,0
DA:791,0
DA:793,0
DA:795,0
DA:799,0
DA:800,0
DA:802,0
DA:804,0
DA:806,0
DA:807,0
DA:808,0
DA:809,0
DA:811,0
DA:813,0
DA:815,0
DA:816,0
DA:817,0
DA:818,0
DA:820,0
DA:822,0
DA:823,0
DA:826,0
DA:828,0
DA:829,0
DA:830,0
DA:831,0
DA:833,0
DA:835,0
LF:522
LH:263
end_of_record
TN:
SF:/Users/trungpham/Documents/splashkit-core/coresdk/src/backend/interface_driver.cpp
FNL:0,0,38
FNA:0,4,__cxx_global_var_init
FNA:0,4,__cxx_global_var_init.1
FNL:1,106,126
FNA:1,0,_ZN13splashkit_lib12_text_heightEPv
FNL:2,129,138
FNA:2,0,_ZN13splashkit_lib26sk_interface_register_iconEPNS_18sk_drawing_surfaceERA4_KdRA7_S2_NS_16sk_renderer_flipE
FNL:3,141,149
FNA:3,0,_ZN13splashkit_lib20_get_registered_iconEi
FNL:4,153,155
FNA:4,0,_ZN13splashkit_lib5to_muENS_9rectangleE
FNL:5,158,164
FNA:5,0,_ZN13splashkit_lib5to_muENS_5colorE
FNL:6,168,170
FNA:6,0,_ZN13splashkit_lib7from_muE7mu_Rect
FNL:7,173,175
FNA:7,0,_ZN13splashkit_lib7from_muE8mu_Color
FNL:8,179,180
FNA:8,0,_ZN13splashkit_libL11expand_rectE7mu_Recti
FNL:9,182,189
FNA:9,0,_ZN13splashkit_libL15intersect_rectsE7mu_RectS0_
FNL:10,200,214
FNA:10,0,_ZN13splashkit_lib17draw_blurred_rectEP10mu_Context7mu_Rect8mu_Colori
FNL:11,216,246
FNA:11,0,_ZN13splashkit_libL10draw_frameEP10mu_Context7mu_Recti
FNL:12,250,268
FNA:12,0,_ZN13splashkit_lib12get_ui_atlasEv
FNL:13,272,298
FNA:13,2,_ZN13splashkit_lib17sk_interface_initEv
FNL:14,300,306
FNA:14,0,_ZN13splashkit_lib36sk_interface_set_init_style_callbackEPFvvE
FNL:15,308,395
FNA:15,0,_ZN13splashkit_lib17sk_interface_drawENS_15drawing_optionsE
FNL:16,38,79
FNA:16,2,_ZN13splashkit_lib30_initialize_button_and_key_mapEv
FNL:17,397,403
FNA:17,0,_ZN13splashkit_lib27sk_interface_style_set_fontEPNS_12sk_font_dataE
FNL:18,405,411
FNA:18,0,_ZN13splashkit_lib32sk_interface_style_set_font_sizeEi
FNL:19,413,433
FNA:19,0,_ZN13splashkit_lib18sk_interface_startEv
FNL:20,435,450
FNA:20,0,_ZN13splashkit_lib16sk_interface_endEv
FNL:21,452,454
FNA:21,0,_ZN13splashkit_lib23sk_interface_is_startedEv
FNL:22,457,466
FNA:22,0,_ZN13splashkit_lib29sk_interface_capacity_limitedEv
FNL:23,470,472
FNA:23,0,_ZN13splashkit_lib24sk_interface_start_panelERKNSt3__112basic_stringIcNS0_11char_traitsIcEENS0_9allocatorIcEEEENS_9rectangleE
FNL:24,475,478
FNA:24,0,_ZN13splashkit_lib22sk_interface_end_panelEv
FNL:25,480,482
FNA:25,0,_ZN13splashkit_lib24sk_interface_start_popupERKNSt3__112basic_stringIcNS0_11char_traitsIcEENS0_9allocatorIcEEEE
FNL:26,485,488
FNA:26,0,_ZN13splashkit_lib22sk_interface_end_popupEv
FNL:27,490,493
FNA:27,0,_ZN13splashkit_lib24sk_interface_start_insetERKNSt3__112basic_stringIcNS0_11char_traitsIcEENS0_9allocatorIcEEEE
FNL:28,495,498
FNA:28,0,_ZN13splashkit_lib22sk_interface_end_insetEv
FNL:29,500,502
FNA:29,0,_ZN13splashkit_lib27sk_interface_start_treenodeERKNSt3__112basic_stringIcNS0_11char_traitsIcEENS0_9allocatorIcEEEE
FNL:30,505,508
FNA:30,0,_ZN13splashkit_lib25sk_interface_end_treenodeEv
FNL:31,510,513
FNA:31,0,_ZN13splashkit_lib23sk_interface_open_popupERKNSt3__112basic_stringIcNS0_11char_traitsIcEENS0_9allocatorIcEEEE
FNL:32,515,518
FNA:32,0,_ZN13splashkit_lib23sk_interface_set_layoutEiPii
FNL:33,520,523
FNA:33,0,_ZN13splashkit_lib28sk_interface_set_layout_nextERKNS_9rectangleEb
FNL:34,525,528
FNA:34,0,_ZN13splashkit_lib29sk_interface_set_layout_widthEi
FNL:35,530,533
FNA:35,0,_ZN13splashkit_lib30sk_interface_set_layout_heightEi
FNL:36,535,538
FNA:36,0,_ZN13splashkit_lib25sk_interface_start_columnEv
FNL:37,540,543
FNA:37,0,_ZN13splashkit_lib23sk_interface_end_columnEv
FNL:38,545,547
FNA:38,0,_ZN13splashkit_lib32sk_interface_get_container_widthEv
FNL:39,550,552
FNA:39,0,_ZN13splashkit_lib33sk_interface_get_container_heightEv
FNL:40,555,560
FNA:40,0,_ZN13splashkit_lib29sk_interface_get_layout_widthEv
FNL:41,562,567
FNA:41,0,_ZN13splashkit_lib30sk_interface_get_layout_heightEv
FNL:42,569,573
FNA:42,0,_ZN13splashkit_lib23update_elements_changedEi
FNL:43,575,578
FNA:43,0,_ZN13splashkit_lib24sk_interface_push_ptr_idEPv
FNL:44,580,583
FNA:44,0,_ZN13splashkit_lib19sk_interface_pop_idEv
FNL:45,585,587
FNA:45,0,_ZN13splashkit_lib19sk_interface_headerERKNSt3__112basic_stringIcNS0_11char_traitsIcEENS0_9allocatorIcEEEE
FNL:46,590,593
FNA:46,0,_ZN13splashkit_lib18sk_interface_labelERKNSt3__112basic_stringIcNS0_11char_traitsIcEENS0_9allocatorIcEEEE
FNL:47,595,598
FNA:47,0,_ZN13splashkit_lib17sk_interface_textERKNSt3__112basic_stringIcNS0_11char_traitsIcEENS0_9allocatorIcEEEE
FNL:48,600,603
FNA:48,0,_ZN13splashkit_lib19sk_interface_buttonERKNSt3__112basic_stringIcNS0_11char_traitsIcEENS0_9allocatorIcEEEEi
FNL:49,606,614
FNA:49,0,_ZN13splashkit_lib21sk_interface_checkboxERKNSt3__112basic_stringIcNS0_11char_traitsIcEENS0_9allocatorIcEEEERKb
FNL:50,617,625
FNA:50,0,_ZN13splashkit_lib19sk_interface_sliderERKfff
FNL:51,628,636
FNA:51,0,_ZN13splashkit_lib19sk_interface_numberERKff
FNL:52,639,676
FNA:52,0,_ZN13splashkit_lib21sk_interface_text_boxERKNSt3__112basic_stringIcNS0_11char_traitsIcEENS0_9allocatorIcEEEE
FNL:53,678,683
FNA:53,0,_ZN13splashkit_lib22sk_interface_color_boxENS_5colorE
FNL:54,685,687
FNA:54,0,_ZN13splashkit_lib20sk_interface_changedEv
FNL:55,690,692
FNA:55,0,_ZN13splashkit_lib22sk_interface_confirmedEv
FNL:56,695,697
FNA:56,0,_ZN13splashkit_lib24sk_interface_get_contextEv
FNL:57,700,703
FNA:57,0,_ZN13splashkit_lib22sk_interface_mousemoveEii
FNL:58,705,708
FNA:58,0,_ZN13splashkit_lib19sk_interface_scrollEii
FNL:59,710,713
FNA:59,0,_ZN13splashkit_lib17sk_interface_textEPc
FNL:60,715,719
FNA:60,0,_ZN13splashkit_lib22sk_interface_mousedownEiii
FNL:61,721,725
FNA:61,0,_ZN13splashkit_lib20sk_interface_mouseupEiii
FNL:62,727,731
FNA:62,0,_ZN13splashkit_lib20sk_interface_keydownEi
FNL:63,733,737
FNA:63,0,_ZN13splashkit_lib18sk_interface_keyupEi
FNL:64,739,748
FNA:64,2,_ZN13splashkit_lib24sk_interface_style_resetEv
FNL:65,750,753
FNA:65,0,_ZN13splashkit_lib35sk_interface_style_set_border_colorENS_5colorE
FNL:66,755,758
FNA:66,0,_ZN13splashkit_lib33sk_interface_style_set_text_colorENS_5colorE
FNL:67,760,763
FNA:67,0,_ZN13splashkit_lib34sk_interface_style_set_title_colorENS_5colorE
FNL:68,765,768
FNA:68,0,_ZN13splashkit_lib37sk_interface_style_set_titlebar_colorENS_5colorE
FNL:69,770,773
FNA:69,0,_ZN13splashkit_lib34sk_interface_style_set_panel_colorENS_5colorE
FNL:70,775,778
FNA:70,0,_ZN13splashkit_lib34sk_interface_style_set_inset_colorENS_5colorE
FNL:71,780,783
FNA:71,0,_ZN13splashkit_lib35sk_interface_style_set_button_colorENS_5colorE
FNL:72,785,789
FNA:72,0,_ZN13splashkit_lib43sk_interface_style_set_button_accent_colorsENS_5colorES0_
FNL:73,791,794
FNA:73,0,_ZN13splashkit_lib36sk_interface_style_set_control_colorENS_5colorE
FNL:74,796,800
FNA:74,0,_ZN13splashkit_lib44sk_interface_style_set_control_accent_colorsENS_5colorES0_
FNL:75,802,805
FNA:75,0,_ZN13splashkit_lib40sk_interface_style_set_scroll_base_colorENS_5colorE
FNL:76,807,810
FNA:76,0,_ZN13splashkit_lib38sk_interface_style_set_scrollbar_colorENS_5colorE
FNL:77,812,815
FNA:77,0,_ZN13splashkit_lib41sk_interface_style_set_panel_shadow_colorENS_5colorE
FNL:78,817,820
FNA:78,0,_ZN13splashkit_lib42sk_interface_style_set_panel_shadow_radiusEi
FNL:79,82,84
FNA:79,0,_ZN13splashkit_lib19_add_font_size_pairEPNS_12sk_font_dataEi
FNL:80,822,825
FNA:80,0,_ZN13splashkit_lib42sk_interface_style_set_panel_shadow_offsetENS_8point_2dE
FNL:81,827,830
FNA:81,0,_ZN13splashkit_lib43sk_interface_style_set_element_shadow_colorENS_5colorE
FNL:82,832,835
FNA:82,0,_ZN13splashkit_lib44sk_interface_style_set_element_shadow_radiusEi
FNL:83,837,840
FNA:83,0,_ZN13splashkit_lib44sk_interface_style_set_element_shadow_offsetENS_8point_2dE
FNL:84,842,845
FNA:84,0,_ZN13splashkit_lib30sk_interface_style_set_paddingEi
FNL:85,847,850
FNA:85,0,_ZN13splashkit_lib30sk_interface_style_set_spacingEi
FNL:86,852,855
FNA:86,0,_ZN13splashkit_lib29sk_interface_style_set_indentEi
FNL:87,857,860
FNA:87,0,_ZN13splashkit_lib35sk_interface_style_set_title_heightEi
FNL:88,862,865
FNA:88,0,_ZN13splashkit_lib37sk_interface_style_set_scrollbar_sizeEi
FNL:89,867,870
FNA:89,0,_ZN13splashkit_lib33sk_interface_style_set_thumb_sizeEi
FNL:90,872,874
FNA:90,0,_ZN13splashkit_lib30sk_interface_style_get_paddingEv
FNL:91,876,878
FNA:91,0,_ZN13splashkit_lib30sk_interface_style_get_spacingEv
FNL:92,88,90
FNA:92,0,_ZN13splashkit_lib19_get_font_size_pairEPv
FNL:93,887,927
FNA:93,0,_ZN13splashkit_lib24sk_interface_set_enabledEb
FNL:94,929,931
FNA:94,0,_ZN13splashkit_lib23sk_interface_is_enabledEv
FNL:95,93,104
FNA:95,0,_ZN13splashkit_lib11_text_widthEPvPKci
FNF:96
FNH:4
DA:38,2
DA:40,2
DA:41,2
DA:42,2
DA:44,2
DA:45,2
DA:46,2
DA:47,2
DA:48,2
DA:49,2
DA:50,2
DA:51,2
DA:52,2
DA:79,4
DA:82,0
DA:84,0
DA:88,0
DA:90,0
DA:93,0
DA:95,0
DA:97,0
DA:99,0
DA:102,0
DA:103,0
DA:104,0
DA:106,0
DA:108,0
DA:110,0
DA:112,0
DA:113,0
DA:126,4
DA:129,0
DA:131,0
DA:132,0
DA:133,0
DA:134,0
DA:135,0
DA:138,0
DA:141,0
DA:143,0
DA:145,0
DA:146,0
DA:148,0
DA:149,0
DA:153,0
DA:155,0
DA:158,0
DA:160,0
DA:161,0
DA:162,0
DA:163,0
DA:164,0
DA:168,0
DA:170,0
DA:173,0
DA:175,0
DA:179,0
DA:180,0
DA:182,0
DA:183,0
DA:184,0
DA:185,0
DA:186,0
DA:187,0
DA:188,0
DA:189,0
DA:200,0
DA:201,0
DA:203,0
DA:204,0
DA:205,0
DA:207,0
DA:208,0
DA:209,0
DA:210,0
DA:212,0
DA:213,0
DA:214,0
DA:216,0
DA:217,0
DA:220,0
DA:221,0
DA:222,0
DA:223,0
DA:224,0
DA:225,0
DA:226,0
DA:227,0
DA:228,0
DA:230,0
DA:231,0
DA:232,0
DA:233,0
DA:234,0
DA:237,0
DA:238,0
DA:240,0
DA:241,0
DA:244,0
DA:245,0
DA:246,0
DA:250,0
DA:255,0
DA:257,0
DA:260,0
DA:261,0
DA:262,0
DA:264,0
DA:265,0
DA:266,0
DA:268,0
DA:272,2
DA:274,2
DA:275,2
DA:277,2
DA:278,2
DA:279,2
DA:280,2
DA:281,2
DA:283,2
DA:284,2
DA:286,2
DA:287,0
DA:291,2
DA:292,2
DA:293,2
DA:294,2
DA:295,2
DA:297,2
DA:298,2
DA:300,0
DA:302,0
DA:304,0
DA:305,0
DA:306,0
DA:308,0
DA:310,0
DA:314,0
DA:316,0
DA:318,0
DA:320,0
DA:321,0
DA:323,0
DA:327,0
DA:329,0
DA:330,0
DA:332,0
DA:335,0
DA:337,0
DA:341,0
DA:342,0
DA:344,0
DA:353,0
DA:355,0
DA:356,0
DA:358,0
DA:359,0
DA:360,0
DA:361,0
DA:362,0
DA:365,0
DA:367,0
DA:368,0
DA:369,0
DA:370,0
DA:372,0
DA:373,0
DA:374,0
DA:375,0
DA:376,0
DA:377,0
DA:378,0
DA:380,0
DA:382,0
DA:383,0
DA:386,0
DA:389,0
DA:391,0
DA:394,0
DA:395,0
DA:397,0
DA:399,0
DA:401,0
DA:402,0
DA:403,0
DA:405,0
DA:407,0
DA:409,0
DA:410,0
DA:411,0
DA:413,0
DA:415,0
DA:416,0
DA:417,0
DA:420,0
DA:422,0
DA:423,0
DA:426,0
DA:430,0
DA:431,0
DA:432,0
DA:433,0
DA:435,0
DA:438,0
DA:440,0
DA:441,0
DA:445,0
DA:447,0
DA:448,0
DA:449,0
DA:450,0
DA:452,0
DA:454,0
DA:457,0
DA:460,0
DA:461,0
DA:462,0
DA:463,0
DA:464,0
DA:465,0
DA:466,0
DA:470,0
DA:472,0
DA:475,0
DA:477,0
DA:478,0
DA:480,0
DA:482,0
DA:485,0
DA:487,0
DA:488,0
DA:490,0
DA:492,0
DA:493,0
DA:495,0
DA:497,0
DA:498,0
DA:500,0
DA:502,0
DA:505,0
DA:507,0
DA:508,0
DA:510,0
DA:512,0
DA:513,0
DA:515,0
DA:517,0
DA:518,0
DA:520,0
DA:522,0
DA:523,0
DA:525,0
DA:527,0
DA:528,0
DA:530,0
DA:532,0
DA:533,0
DA:535,0
DA:537,0
DA:538,0
DA:540,0
DA:542,0
DA:543,0
DA:545,0
DA:547,0
DA:550,0
DA:552,0
DA:555,0
DA:557,0
DA:559,0
DA:560,0
DA:562,0
DA:564,0
DA:566,0
DA:567,0
DA:569,0
DA:571,0
DA:572,0
DA:573,0
DA:575,0
DA:577,0
DA:578,0
DA:580,0
DA:582,0
DA:583,0
DA:585,0
DA:587,0
DA:590,0
DA:592,0
DA:593,0
DA:595,0
DA:597,0
DA:598,0
DA:600,0
DA:602,0
DA:603,0
DA:606,0
DA:608,0
DA:610,0
DA:611,0
DA:613,0
DA:614,0
DA:617,0
DA:619,0
DA:621,0
DA:622,0
DA:624,0
DA:625,0
DA:628,0
DA:630,0
DA:632,0
DA:633,0
DA:635,0
DA:636,0
DA:639,0
DA:641,0
DA:642,0
DA:643,0
DA:650,0
DA:653,0
DA:654,0
DA:656,0
DA:658,0
DA:660,0
DA:663,0
DA:666,0
DA:667,0
DA:668,0
DA:669,0
DA:672,0
DA:673,0
DA:675,0
DA:676,0
DA:678,0
DA:680,0
DA:681,0
DA:682,0
DA:683,0
DA:685,0
DA:687,0
DA:690,0
DA:692,0
DA:695,0
DA:697,0
DA:700,0
DA:702,0
DA:703,0
DA:705,0
DA:707,0
DA:708,0
DA:710,0
DA:712,0
DA:713,0
DA:715,0
DA:717,0
DA:718,0
DA:719,0
DA:721,0
DA:723,0
DA:724,0
DA:725,0
DA:727,0
DA:729,0
DA:730,0
DA:731,0
DA:733,0
DA:735,0
DA:736,0
DA:737,0
DA:739,2
DA:741,2
DA:742,2
DA:743,2
DA:744,2
DA:745,2
DA:746,2
DA:747,2
DA:748,2
DA:750,0
DA:752,0
DA:753,0
DA:755,0
DA:757,0
DA:758,0
DA:760,0
DA:762,0
DA:763,0
DA:765,0
DA:767,0
DA:768,0
DA:770,0
DA:772,0
DA:773,0
DA:775,0
DA:777,0
DA:778,0
DA:780,0
DA:782,0
DA:783,0
DA:785,0
DA:787,0
DA:788,0
DA:789,0
DA:791,0
DA:793,0
DA:794,0
DA:796,0
DA:798,0
DA:799,0
DA:800,0
DA:802,0
DA:804,0
DA:805,0
DA:807,0
DA:809,0
DA:810,0
DA:812,0
DA:814,0
DA:815,0
DA:817,0
DA:819,0
DA:820,0
DA:822,0
DA:824,0
DA:825,0
DA:827,0
DA:829,0
DA:830,0
DA:832,0
DA:834,0
DA:835,0
DA:837,0
DA:839,0
DA:840,0
DA:842,0
DA:844,0
DA:845,0
DA:847,0
DA:849,0
DA:850,0
DA:852,0
DA:854,0
DA:855,0
DA:857,0
DA:859,0
DA:860,0
DA:862,0
DA:864,0
DA:865,0
DA:867,0
DA:869,0
DA:870,0
DA:872,0
DA:874,0
DA:876,0
DA:878,0
DA:887,0
DA:897,0
DA:898,0
DA:900,0
DA:902,0
DA:904,0
DA:905,0
DA:906,0
DA:907,0
DA:908,0
DA:909,0
DA:910,0
DA:913,0
DA:914,0
DA:915,0
DA:916,0
DA:917,0
DA:918,0
DA:920,0
DA:921,0
DA:922,0
DA:923,0
DA:924,0
DA:925,0
DA:927,0
DA:929,0
DA:931,0
LF:483
LH:42
end_of_record
TN:
SF:/Users/trungpham/Documents/splashkit-core/coresdk/src/backend/interface_driver_atlas.h
FNL:0,917,1019
FNA:0,2,_ZN13splashkit_lib21_initialize_atlas_mapEv
FNF:1
FNH:1
DA:917,2
DA:918,2
DA:919,2
DA:920,2
DA:921,2
DA:922,2
DA:923,2
DA:924,2
DA:925,2
DA:926,2
DA:927,2
DA:928,2
DA:929,2
DA:930,2
DA:931,2
DA:932,2
DA:933,2
DA:934,2
DA:935,2
DA:936,2
DA:937,2
DA:938,2
DA:939,2
DA:940,2
DA:941,2
DA:942,2
DA:943,2
DA:944,2
DA:945,2
DA:946,2
DA:947,2
DA:948,2
DA:949,2
DA:950,2
DA:951,2
DA:952,2
DA:953,2
DA:954,2
DA:955,2
DA:956,2
DA:957,2
DA:958,2
DA:959,2
DA:960,2
DA:961,2
DA:962,2
DA:963,2
DA:964,2
DA:965,2
DA:966,2
DA:967,2
DA:968,2
DA:969,2
DA:970,2
DA:971,2
DA:972,2
DA:973,2
DA:974,2
DA:975,2
DA:976,2
DA:977,2
DA:978,2
DA:979,2
DA:980,2
DA:981,2
DA:982,2
DA:983,2
DA:984,2
DA:985,2
DA:986,2
DA:987,2
DA:988,2
DA:989,2
DA:990,2
DA:991,2
DA:992,2
DA:993,2
DA:994,2
DA:995,2
DA:996,2
DA:997,2
DA:998,2
DA:999,2
DA:1000,2
DA:1001,2
DA:1002,2
DA:1003,2
DA:1004,2
DA:1005,2
DA:1006,2
DA:1007,2
DA:1008,2
DA:1009,2
DA:1010,2
DA:1011,2
DA:1012,2
DA:1013,2
DA:1014,2
DA:1015,2
DA:1016,2
DA:1017,2
DA:1018,2
DA:1019,2
LF:103
LH:103
end_of_record
TN:
SF:/Users/trungpham/Documents/splashkit-core/coresdk/src/backend/json_driver.cpp
FNL:0,13,20
FNA:0,34,_ZN13splashkit_lib14sk_delete_jsonEPNS_7sk_jsonE
FNL:1,22,37
FNA:1,0,_ZN13splashkit_lib19json_type_to_stringEN8nlohmann6detail7value_tE
FNF:2
FNH:1
DA:13,34
DA:15,34
DA:17,34
DA:18,34
DA:19,34
DA:20,34
DA:22,0
DA:24,0
DA:26,0
DA:27,0
DA:28,0
DA:29,0
DA:30,0
DA:31,0
DA:32,0
DA:33,0
DA:34,0
DA:35,0
DA:37,0
LF:19
LH:6
end_of_record
TN:
SF:/Users/trungpham/Documents/splashkit-core/coresdk/src/backend/json_driver.h
FNL:0,28,39
FNA:0,34,_ZN13splashkit_lib7sk_jsonC1Ev
FNA:0,34,_ZN13splashkit_lib7sk_jsonC2Ev
FNA:0,34,_ZN13splashkit_lib7sk_jsonD1Ev
FNA:0,34,_ZN13splashkit_lib7sk_jsonD2Ev
FNL:1,39,48
FNA:1,12,_ZN13splashkit_lib17sk_json_add_valueIN8nlohmann10basic_jsonINSt3__13mapENS3_6vectorENS3_12basic_stringIcNS3_11char_traitsIcEENS3_9allocatorIcEEEEbxydS9_NS1_14adl_serializerEEEEEvPNS_7sk_jsonESB_T_
FNA:1,62,_ZN13splashkit_lib17sk_json_add_valueINSt3__112basic_stringIcNS1_11char_traitsIcEENS1_9allocatorIcEEEEEEvPNS_7sk_jsonES7_T_
FNA:1,0,_ZN13splashkit_lib17sk_json_add_valueINSt3__16vectorIN8nlohmann10basic_jsonINS1_3mapES2_NS1_12basic_stringIcNS1_11char_traitsIcEENS1_9allocatorIcEEEEbxydS9_NS3_14adl_serializerEEENS9_ISD_EEEEEEvPNS_7sk_jsonESB_T_
FNA:1,12,_ZN13splashkit_lib17sk_json_add_valueINSt3__16vectorINS1_12basic_stringIcNS1_11char_traitsIcEENS1_9allocatorIcEEEENS6_IS8_EEEEEEvPNS_7sk_jsonES8_T_
FNA:1,0,_ZN13splashkit_lib17sk_json_add_valueINSt3__16vectorIbNS1_9allocatorIbEEEEEEvPNS_7sk_jsonENS1_12basic_stringIcNS1_11char_traitsIcEENS3_IcEEEET_
FNA:1,0,_ZN13splashkit_lib17sk_json_add_valueINSt3__16vectorIdNS1_9allocatorIdEEEEEEvPNS_7sk_jsonENS1_12basic_stringIcNS1_11char_traitsIcEENS3_IcEEEET_
FNA:1,12,_ZN13splashkit_lib17sk_json_add_valueIbEEvPNS_7sk_jsonENSt3__112basic_stringIcNS3_11char_traitsIcEENS3_9allocatorIcEEEET_
FNA:1,0,_ZN13splashkit_lib17sk_json_add_valueIdEEvPNS_7sk_jsonENSt3__112basic_stringIcNS3_11char_traitsIcEENS3_9allocatorIcEEEET_
FNA:1,0,_ZN13splashkit_lib17sk_json_add_valueIfEEvPNS_7sk_jsonENSt3__112basic_stringIcNS3_11char_traitsIcEENS3_9allocatorIcEEEET_
FNA:1,12,_ZN13splashkit_lib17sk_json_add_valueIiEEvPNS_7sk_jsonENSt3__112basic_stringIcNS3_11char_traitsIcEENS3_9allocatorIcEEEET_
FNL:2,50,54
FNA:2,0,_ZN13splashkit_lib14is_type_numberEN8nlohmann6detail7value_tE
FNL:3,58,76
FNA:3,4,_ZN13splashkit_lib18sk_json_read_valueIN8nlohmann10basic_jsonINSt3__13mapENS3_6vectorENS3_12basic_stringIcNS3_11char_traitsIcEENS3_9allocatorIcEEEEbxydS9_NS1_14adl_serializerEEEEET_PNS_7sk_jsonESB_NS1_6detail7value_tE
FNA:3,18,_ZN13splashkit_lib18sk_json_read_valueINSt3__112basic_stringIcNS1_11char_traitsIcEENS1_9allocatorIcEEEEEET_PNS_7sk_jsonES7_N8nlohmann6detail7value_tE
FNA:3,2,_ZN13splashkit_lib18sk_json_read_valueIbEET_PNS_7sk_jsonENSt3__112basic_stringIcNS4_11char_traitsIcEENS4_9allocatorIcEEEEN8nlohmann6detail7value_tE
FNA:3,0,_ZN13splashkit_lib18sk_json_read_valueIdEET_PNS_7sk_jsonENSt3__112basic_stringIcNS4_11char_traitsIcEENS4_9allocatorIcEEEEN8nlohmann6detail7value_tE
FNA:3,0,_ZN13splashkit_lib18sk_json_read_valueIfEET_PNS_7sk_jsonENSt3__112basic_stringIcNS4_11char_traitsIcEENS4_9allocatorIcEEEEN8nlohmann6detail7value_tE
FNA:3,2,_ZN13splashkit_lib18sk_json_read_valueIiEET_PNS_7sk_jsonENSt3__112basic_stringIcNS4_11char_traitsIcEENS4_9allocatorIcEEEEN8nlohmann6detail7value_tE
FNL:4,79,100
FNA:4,0,_ZN13splashkit_lib18sk_json_read_arrayIN8nlohmann10basic_jsonINSt3__13mapENS3_6vectorENS3_12basic_stringIcNS3_11char_traitsIcEENS3_9allocatorIcEEEEbxydS9_NS1_14adl_serializerEEEEEvPNS_7sk_jsonESB_RNS5_IT_NS9_ISG_EEEE
FNA:4,2,_ZN13splashkit_lib18sk_json_read_arrayINSt3__112basic_stringIcNS1_11char_traitsIcEENS1_9allocatorIcEEEEEEvPNS_7sk_jsonES7_RNS1_6vectorIT_NS5_ISB_EEEE
FNA:4,0,_ZN13splashkit_lib18sk_json_read_arrayIbEEvPNS_7sk_jsonENSt3__112basic_stringIcNS3_11char_traitsIcEENS3_9allocatorIcEEEERNS3_6vectorIT_NS7_ISB_EEEE
FNA:4,0,_ZN13splashkit_lib18sk_json_read_arrayIdEEvPNS_7sk_jsonENSt3__112basic_stringIcNS3_11char_traitsIcEENS3_9allocatorIcEEEERNS3_6vectorIT_NS7_ISB_EEEE
FNF:5
FNH:4
DA:39,110
DA:41,110
DA:43,0
DA:44,0
DA:47,110
DA:48,110
DA:50,0
DA:52,0
DA:53,0
DA:54,0
DA:58,26
DA:60,26
DA:62,0
DA:63,0
DA:66,26
DA:68,26
DA:69,0
DA:71,0
DA:72,0
DA:75,26
DA:76,26
DA:79,2
DA:81,2
DA:83,0
DA:84,0
DA:87,2
DA:89,0
DA:90,0
DA:93,2
DA:95,2
DA:97,6
DA:98,4
DA:99,4
DA:100,2
LF:34
LH:19
end_of_record
TN:
SF:/Users/trungpham/Documents/splashkit-core/coresdk/src/backend/logging_driver.cpp
FNL:0,0,15
FNA:0,4,__cxx_global_var_init
FNA:0,4,__cxx_global_var_init.1
FNL:1,20,39
FNA:1,2,_ZN13splashkit_lib15sk_init_loggingEv
FNF:2
FNH:2
DA:15,8
DA:20,2
DA:23,2
DA:24,2
DA:25,2
DA:27,2
DA:28,2
DA:30,2
DA:32,2
DA:33,2
DA:34,2
DA:35,2
DA:38,2
DA:39,2
LF:14
LH:14
end_of_record
TN:
SF:/Users/trungpham/Documents/splashkit-core/coresdk/src/backend/network_driver.cpp
FNL:0,104,115
FNA:0,0,_ZN13splashkit_lib13sk_send_bytesEPNS_21sk_network_connectionEPcm
FNL:1,118,126
FNA:1,0,_ZN13splashkit_lib19sk_send_udp_messageEPNS_21sk_network_connectionEPKctS3_m
FNL:2,129,153
FNA:2,0,_ZN13splashkit_lib19sk_read_udp_messageEPNS_21sk_network_connectionEPjPtPcPm
FNL:3,155,158
FNA:3,0,_ZN13splashkit_lib13sk_read_bytesEPNS_21sk_network_connectionEPci
FNL:4,161,176
FNA:4,12,_ZN13splashkit_lib19sk_close_connectionEPNS_21sk_network_connectionE
FNL:5,178,185
FNA:5,4,_ZN13splashkit_lib18sk_network_addressEPNS_21sk_network_connectionE
FNL:6,188,195
FNA:6,0,_ZN13splashkit_lib19sk_get_network_portEPNS_21sk_network_connectionE
FNL:7,198,212
FNA:7,0,_ZN13splashkit_lib20sk_accept_connectionERNS_21sk_network_connectionE
FNL:8,215,220
FNA:8,0,_ZN13splashkit_lib19sk_network_has_dataEv
FNL:9,222,231
FNA:9,0,_ZN13splashkit_lib22sk_connection_has_dataEPNS_21sk_network_connectionE
FNL:10,30,39
FNA:10,2,_ZN13splashkit_lib15sk_network_initEv
FNL:11,41,68
FNA:11,6,_ZN13splashkit_lib22sk_open_udp_connectionEt
FNL:12,70,102
FNA:12,10,_ZN13splashkit_lib22sk_open_tcp_connectionEPKct
FNF:13
FNH:5
DA:30,2
DA:32,2
DA:33,2
DA:34,2
DA:36,0
DA:37,0
DA:39,2
DA:41,6
DA:43,6
DA:48,6
DA:49,6
DA:50,6
DA:52,6
DA:54,6
DA:56,6
DA:57,6
DA:58,6
DA:59,6
DA:62,0
DA:63,0
DA:64,0
DA:67,6
DA:68,0
DA:70,10
DA:72,10
DA:78,10
DA:79,10
DA:80,10
DA:82,10
DA:83,2
DA:85,8
DA:87,8
DA:89,6
DA:90,6
DA:91,6
DA:92,2
DA:93,6
DA:96,2
DA:97,2
DA:98,2
DA:101,8
DA:102,10
DA:104,0
DA:108,0
DA:109,0
DA:112,0
DA:113,0
DA:115,0
DA:118,0
DA:122,0
DA:124,0
DA:125,0
DA:126,0
DA:129,0
DA:134,0
DA:136,0
DA:137,0
DA:138,0
DA:142,0
DA:143,0
DA:145,0
DA:147,0
DA:148,0
DA:149,0
DA:150,0
DA:151,0
DA:152,0
DA:153,0
DA:155,0
DA:158,0
DA:161,12
DA:164,12
DA:166,6
DA:167,6
DA:168,6
DA:171,6
DA:172,6
DA:175,12
DA:176,12
DA:178,4
DA:181,4
DA:182,2
DA:184,2
DA:185,4
DA:188,0
DA:191,0
DA:192,0
DA:194,0
DA:195,0
DA:198,0
DA:201,0
DA:202,0
DA:205,0
DA:208,0
DA:209,0
DA:210,0
DA:211,0
DA:212,0
DA:215,0
DA:217,0
DA:218,0
DA:219,0
DA:220,0
DA:222,0
DA:224,0
DA:227,0
DA:228,0
DA:230,0
DA:231,0
LF:109
LH:50
end_of_record
TN:
SF:/Users/trungpham/Documents/splashkit-core/coresdk/src/backend/text_driver.cpp
FNL:0,0,36
FNA:0,4,__cxx_global_var_init
FNL:1,125,128
FNA:1,2,_ZN13splashkit_lib16sk_add_font_sizeEPNS_12sk_font_dataEi
FNL:2,130,143
FNA:2,2,_ZN13splashkit_lib22sk_contains_valid_fontEPNS_12sk_font_dataE
FNL:3,145,164
FNA:3,0,_ZN13splashkit_lib13sk_close_fontEPNS_12sk_font_dataE
FNL:4,166,178
FNA:4,0,_ZN13splashkit_lib17sk_text_line_skipEPNS_12sk_font_dataEi
FNL:5,180,194
FNA:5,0,_ZN13splashkit_lib12sk_text_sizeEPNS_12sk_font_dataEiRKNSt3__112basic_stringIcNS2_11char_traitsIcEENS2_9allocatorIcEEEEPiSB_
FNL:6,196,208
FNA:6,0,_ZN13splashkit_lib14sk_text_heightEPNS_12sk_font_dataEi
FNL:7,210,222
FNA:7,0,_ZN13splashkit_lib17sk_set_font_styleEPNS_12sk_font_dataEii
FNL:8,224,236
FNA:8,0,_ZN13splashkit_lib17sk_get_font_styleEPNS_12sk_font_dataEi
FNL:9,238,261
FNA:9,0,_ZN13splashkit_lib20_sk_draw_bitmap_textEPNS_18sk_drawing_surfaceEddPKcNS_5colorE
FNL:10,263,325
FNA:10,0,_ZN13splashkit_lib12sk_draw_textEPNS_18sk_drawing_surfaceEPNS_12sk_font_dataEiddPKcNS_5colorE
FNL:11,327,341
FNA:11,2,_ZN13splashkit_lib16system_font_pathEv
FNL:12,343,346
FNA:12,2,_ZN13splashkit_lib22load_system_font_pathsEv
FNL:13,348,380
FNA:13,2,_ZN13splashkit_lib24sk_find_system_font_pathENSt3__112basic_stringIcNS0_11char_traitsIcEENS0_9allocatorIcEEEE
FNL:14,45,55
FNA:14,2,_ZN13splashkit_lib12sk_init_textEv
FNL:15,57,60
FNA:15,0,_ZN13splashkit_lib16sk_finalize_textEv
FNL:16,62,80
FNA:16,2,_ZN13splashkit_lib12sk_load_fontEPKci
FNL:17,86,123
FNA:17,2,_ZN13splashkit_lib9_get_fontEPNS_12sk_font_dataEi
FNF:18
FNH:9
DA:36,4
DA:45,2
DA:48,2
DA:50,0
DA:51,0
DA:54,2
DA:55,2
DA:57,0
DA:59,0
DA:60,0
DA:62,2
DA:64,2
DA:66,2
DA:67,2
DA:68,2
DA:69,2
DA:71,2
DA:73,2
DA:75,0
DA:76,0
DA:77,0
DA:78,0
DA:80,2
DA:86,2
DA:88,2
DA:90,2
DA:93,2
DA:95,0
DA:96,0
DA:100,2
DA:102,2
DA:104,0
DA:105,0
DA:108,2
DA:110,0
DA:111,0
DA:112,0
DA:114,2
DA:116,2
DA:119,0
DA:122,2
DA:123,2
DA:125,2
DA:127,2
DA:128,2
DA:130,2
DA:132,2
DA:134,2
DA:136,2
DA:138,2
DA:142,0
DA:143,2
DA:145,0
DA:147,0
DA:149,0
DA:151,0
DA:153,0
DA:154,0
DA:157,0
DA:158,0
DA:159,0
DA:162,0
DA:164,0
DA:166,0
DA:168,0
DA:170,0
DA:172,0
DA:176,0
DA:178,0
DA:180,0
DA:182,0
DA:184,0
DA:186,0
DA:190,0
DA:191,0
DA:192,0
DA:194,0
DA:196,0
DA:198,0
DA:200,0
DA:202,0
DA:206,0
DA:208,0
DA:210,0
DA:212,0
DA:214,0
DA:216,0
DA:217,0
DA:220,0
DA:222,0
DA:224,0
DA:226,0
DA:228,0
DA:230,0
DA:234,0
DA:236,0
DA:238,0
DA:243,0
DA:244,0
DA:245,0
DA:247,0
DA:249,0
DA:250,0
DA:251,0
DA:252,0
DA:253,0
DA:254,0
DA:255,0
DA:256,0
DA:257,0
DA:258,0
DA:259,0
DA:261,0
DA:263,0
DA:271,0
DA:273,0
DA:274,0
DA:277,0
DA:279,0
DA:281,0
DA:282,0
DA:285,0
DA:286,0
DA:287,0
DA:288,0
DA:290,0
DA:292,0
DA:295,0
DA:298,0
DA:300,0
DA:302,0
DA:303,0
DA:304,0
DA:307,0
DA:311,0
DA:312,0
DA:313,0
DA:314,0
DA:316,0
DA:318,0
DA:320,0
DA:322,0
DA:323,0
DA:325,0
DA:327,2
DA:329,2
DA:337,2
DA:340,2
DA:341,2
DA:343,2
DA:345,2
DA:346,2
DA:348,2
DA:350,2
DA:352,2
DA:353,4
DA:355,4
DA:356,4
DA:360,4
DA:362,0
DA:364,4
DA:366,0
DA:369,4
DA:371,2
DA:373,2
DA:375,0
DA:377,4
DA:379,0
DA:380,2
LF:169
LH:55
end_of_record
TN:
SF:/Users/trungpham/Documents/splashkit-core/coresdk/src/backend/utility_functions.cpp
FNL:0,106,115
FNA:0,36,_ZN13splashkit_lib8to_lowerENSt3__112basic_stringIcNS0_11char_traitsIcEENS0_9allocatorIcEEEE
FNL:1,117,140
FNA:1,182,_ZN13splashkit_lib9path_fromESt16initializer_listINSt3__112basic_stringIcNS1_11char_traitsIcEENS1_9allocatorIcEEEEES7_
FNL:2,142,147
FNA:2,2,_ZN13splashkit_lib12base_fs_pathEv
FNL:3,151,170
FNA:3,2,_ZN13splashkit_lib18scan_dir_recursiveERKNSt3__112basic_stringIcNS0_11char_traitsIcEENS0_9allocatorIcEEEE
FNL:4,176,186
FNA:4,0,_ZN13splashkit_lib8ptr_kindEPv
FNL:5,188,199
FNA:5,0,_ZN13splashkit_lib13to_window_ptrEPv
FNL:6,201,212
FNA:6,0,_ZN13splashkit_lib13to_bitmap_ptrEPv
FNL:7,214,237
FNA:7,0,_ZN13splashkit_lib14to_surface_ptrEPv
FNL:8,239,257
FNA:8,0,_ZN13splashkit_lib12xy_from_optsERKNS_15drawing_optionsERdS3_
FNL:9,259,284
FNA:9,538,_ZN13splashkit_lib17extract_delimitedEiNSt3__112basic_stringIcNS0_11char_traitsIcEENS0_9allocatorIcEEEEc
FNL:10,286,327
FNA:10,184,_ZN13splashkit_lib29extract_delimited_with_rangesEiNSt3__112basic_stringIcNS0_11char_traitsIcEENS0_9allocatorIcEEEE
FNL:11,329,331
FNA:11,154,_ZN13splashkit_lib15count_delimiterENSt3__112basic_stringIcNS0_11char_traitsIcEENS0_9allocatorIcEEEEc
FNL:12,332,333
FNA:12,1166,_ZZN13splashkit_lib15count_delimiterENSt3__112basic_stringIcNS0_11char_traitsIcEENS0_9allocatorIcEEEEcENK3$_0clEc
FNL:13,336,352
FNA:13,74,_ZN13splashkit_lib27count_delimiter_with_rangesENSt3__112basic_stringIcNS0_11char_traitsIcEENS0_9allocatorIcEEEEc
FNL:14,355,377
FNA:14,372,_ZN13splashkit_lib14try_str_to_intENSt3__112basic_stringIcNS0_11char_traitsIcEENS0_9allocatorIcEEEERi
FNL:15,379,401
FNA:15,258,_ZN13splashkit_lib10str_to_intENSt3__112basic_stringIcNS0_11char_traitsIcEENS0_9allocatorIcEEEEbi
FNL:16,403,425
FNA:16,0,_ZN13splashkit_lib16try_str_to_floatENSt3__112basic_stringIcNS0_11char_traitsIcEENS0_9allocatorIcEEEERf
FNL:17,427,449
FNA:17,0,_ZN13splashkit_lib12str_to_floatENSt3__112basic_stringIcNS0_11char_traitsIcEENS0_9allocatorIcEEEEbf
FNL:18,451,473
FNA:18,0,_ZN13splashkit_lib17try_str_to_doubleENSt3__112basic_stringIcNS0_11char_traitsIcEENS0_9allocatorIcEEEERd
FNL:19,47,50
FNA:19,128,_ZN13splashkit_lib11file_existsENSt3__112basic_stringIcNS0_11char_traitsIcEENS0_9allocatorIcEEEE
FNL:20,475,497
FNA:20,0,_ZN13splashkit_lib13str_to_doubleENSt3__112basic_stringIcNS0_11char_traitsIcEENS0_9allocatorIcEEEEbd
FNL:21,499,502
FNA:21,0,_ZN13splashkit_lib8to_upperERNSt3__112basic_stringIcNS0_11char_traitsIcEENS0_9allocatorIcEEEE
FNL:22,504,508
FNA:22,368,_ZN13splashkit_lib4signEi
FNL:23,510,575
FNA:23,92,_ZN13splashkit_lib13process_rangeENSt3__112basic_stringIcNS0_11char_traitsIcEENS0_9allocatorIcEEEERNS0_6vectorIiNS4_IiEEEE
FNL:24,53,56
FNA:24,2,_ZN13splashkit_lib16directory_existsENSt3__112basic_stringIcNS0_11char_traitsIcEENS0_9allocatorIcEEEE
FNL:25,577,579
FNA:25,16,_ZN13splashkit_lib10rad_to_degEd
FNL:26,582,584
FNA:26,104,_ZN13splashkit_lib10deg_to_radEd
FNL:27,587,588
FNA:27,0,_ZN13splashkit_lib10lin_interpEddd
FNL:28,59,63
FNA:28,0,_ZN13splashkit_lib12directory_ofENSt3__112basic_stringIcNS0_11char_traitsIcEENS0_9allocatorIcEEEE
FNL:29,66,69
FNA:29,0,_ZN13splashkit_lib11get_env_varERKNSt3__112basic_stringIcNS0_11char_traitsIcEENS0_9allocatorIcEEEE
FNL:30,72,76
FNA:30,0,_ZN13splashkit_lib17path_to_user_homeEv
FNL:31,94,104
FNA:31,6,_ZN13splashkit_lib3catESt16initializer_listINSt3__112basic_stringIcNS1_11char_traitsIcEENS1_9allocatorIcEEEEE
FNF:32
FNH:18
DA:47,128
DA:50,128
DA:53,2
DA:56,2
DA:59,0
DA:62,0
DA:63,0
DA:66,0
DA:68,0
DA:69,0
DA:72,0
DA:75,0
DA:76,0
DA:94,6
DA:96,6
DA:98,36
DA:100,30
DA:101,30
DA:103,6
DA:104,6
DA:106,36
DA:108,36
DA:109,36
DA:111,400
DA:112,364
DA:114,36
DA:115,36
DA:117,182
DA:125,182
DA:126,182
DA:127,452
DA:129,270
DA:130,0
DA:131,270
DA:132,270
DA:133,270
DA:134,98
DA:136,270
DA:137,270
DA:139,182
DA:140,182
DA:142,2
DA:147,2
DA:151,2
DA:153,2
DA:154,2
DA:158,2
DA:160,742
DA:162,740
DA:165,2
DA:166,2
DA:169,2
DA:170,2
DA:176,0
DA:180,0
DA:182,0
DA:183,0
DA:185,0
DA:186,0
DA:188,0
DA:190,0
DA:192,0
DA:194,0
DA:195,0
DA:196,0
DA:198,0
DA:199,0
DA:201,0
DA:203,0
DA:205,0
DA:207,0
DA:208,0
DA:209,0
DA:211,0
DA:212,0
DA:214,0
DA:220,0
DA:222,0
DA:224,0
DA:225,0
DA:227,0
DA:229,0
DA:230,0
DA:234,0
DA:235,0
DA:237,0
DA:239,0
DA:242,0
DA:245,0
DA:247,0
DA:249,0
DA:250,0
DA:251,0
DA:255,0
DA:256,0
DA:257,0
DA:259,538
DA:261,538
DA:263,538
DA:265,1710
DA:267,1710
DA:268,1172
DA:270,330
DA:271,330
DA:272,1172
DA:274,3704
DA:276,3430
DA:278,3166
DA:279,3166
DA:280,264
DA:281,3166
DA:283,538
DA:284,538
DA:286,184
DA:292,184
DA:293,184
DA:294,184
DA:297,2092
DA:299,2066
DA:301,1908
DA:302,276
DA:303,1632
DA:304,190
DA:305,1442
DA:306,190
DA:307,1908
DA:309,184
DA:311,184
DA:312,184
DA:314,916
DA:316,870
DA:317,138
DA:318,732
DA:319,76
DA:320,656
DA:321,76
DA:323,732
DA:324,732
DA:326,184
DA:327,184
DA:329,154
DA:331,154
DA:332,1320
DA:333,154
DA:336,74
DA:339,74
DA:340,74
DA:342,1304
DA:344,1230
DA:345,166
DA:346,1064
DA:347,76
DA:348,988
DA:349,76
DA:350,1230
DA:352,74
DA:355,372
DA:371,372
DA:373,60
DA:376,312
DA:377,372
DA:379,258
DA:383,258
DA:385,232
DA:388,0
DA:392,0
DA:393,0
DA:396,0
DA:397,0
DA:398,0
DA:400,232
DA:401,258
DA:403,0
DA:419,0
DA:421,0
DA:424,0
DA:425,0
DA:427,0
DA:431,0
DA:433,0
DA:436,0
DA:440,0
DA:441,0
DA:444,0
DA:445,0
DA:446,0
DA:448,0
DA:449,0
DA:451,0
DA:467,0
DA:469,0
DA:472,0
DA:473,0
DA:475,0
DA:479,0
DA:481,0
DA:484,0
DA:488,0
DA:489,0
DA:492,0
DA:493,0
DA:494,0
DA:496,0
DA:497,0
DA:499,0
DA:501,0
DA:502,0
DA:504,368
DA:506,368
DA:507,336
DA:508,368
DA:510,92
DA:513,92
DA:515,92
DA:516,92
DA:518,92
DA:521,16
DA:523,16
DA:524,16
DA:525,16
DA:528,76
DA:530,76
DA:531,76
DA:533,200
DA:535,124
DA:537,124
DA:540,64
DA:541,64
DA:544,60
DA:546,60
DA:547,60
DA:549,0
DA:551,60
DA:552,60
DA:553,0
DA:554,0
DA:555,0
DA:556,0
DA:557,0
DA:558,0
DA:561,0
DA:562,0
DA:563,0
DA:566,428
DA:569,368
DA:570,368
DA:573,124
DA:575,92
DA:577,16
DA:579,16
DA:582,104
DA:584,104
DA:587,0
DA:588,0
LF:254
LH:148
end_of_record
TN:
SF:/Users/trungpham/Documents/splashkit-core/coresdk/src/backend/utility_functions.h
FNL:0,139,139
FNA:0,0,_ZN13splashkit_lib11FinalActionIZNS_21_guess_resources_pathEvE3$_0EC1ES1_
FNA:0,0,_ZN13splashkit_lib11FinalActionIZNS_21_guess_resources_pathEvE3$_0EC2ES1_
FNL:1,142,150
FNA:1,0,_ZN13splashkit_lib11FinalActionIZNS_21_guess_resources_pathEvE3$_0ED1Ev
FNA:1,0,_ZN13splashkit_lib11FinalActionIZNS_21_guess_resources_pathEvE3$_0ED2Ev
FNL:2,155,157
FNA:2,0,_ZN13splashkit_lib7finallyIZNS_21_guess_resources_pathEvE3$_0EENS_11FinalActionIT_EES3_
FNL:3,42,54
FNA:3,0,_ZN13splashkit_lib17erase_from_vectorIPFvPvEEEbRNSt3__16vectorIT_NS4_9allocatorIS6_EEEES6_
FNA:3,4,_ZN13splashkit_lib17erase_from_vectorIPFvPviEEEbRNSt3__16vectorIT_NS4_9allocatorIS6_EEEES6_
FNA:3,142,_ZN13splashkit_lib17erase_from_vectorIPvEEbRNSt3__16vectorIT_NS2_9allocatorIS4_EEEES4_
FNA:3,0,_ZN13splashkit_lib17erase_from_vectorIiEEbRNSt3__16vectorIT_NS1_9allocatorIS3_EEEES3_
FNL:4,57,63
FNA:4,0,_ZN13splashkit_lib8index_ofIPNS_18sk_connection_dataEEEiNSt3__16vectorIT_NS3_9allocatorIS5_EEEES5_
FNA:4,2,_ZN13splashkit_lib8index_ofIiEEiNSt3__16vectorIT_NS1_9allocatorIS3_EEEES3_
FNL:5,66,69
FNA:5,0,_ZN13splashkit_lib12key_of_valueINSt3__112basic_stringIcNS1_11char_traitsIcEENS1_9allocatorIcEEEEiEEbRKNS1_3mapIT_T0_NS1_4lessIS9_EENS5_INS1_4pairIKS9_SA_EEEEEERKSA_RS9_
FNL:6,70,84
FNA:6,0,_ZZN13splashkit_lib12key_of_valueINSt3__112basic_stringIcNS1_11char_traitsIcEENS1_9allocatorIcEEEEiEEbRKNS1_3mapIT_T0_NS1_4lessIS9_EENS5_INS1_4pairIKS9_SA_EEEEEERKSA_RS9_ENKUlRKNSD_IS7_iEEE_clESP_
FNL:7,87,94
FNA:7,0,_ZN13splashkit_lib10move_rangeIiEEvRNSt3__16vectorIT_NS1_9allocatorIS3_EEEEmmm
FNF:8
FNH:2
DA:42,146
DA:44,146
DA:45,146
DA:47,146
DA:48,146
DA:52,0
DA:54,146
DA:57,2
DA:59,2
DA:61,2
DA:62,2
DA:63,2
DA:66,0
DA:68,0
DA:69,0
DA:70,0
DA:72,0
DA:75,0
DA:77,0
DA:78,0
DA:82,0
DA:84,0
DA:87,0
DA:89,0
DA:91,0
DA:92,0
DA:93,0
DA:94,0
DA:139,0
DA:142,0
DA:150,0
DA:155,0
DA:157,0
LF:33
LH:11
end_of_record
TN:
SF:/Users/trungpham/Documents/splashkit-core/coresdk/src/backend/utils_driver.cpp
FNL:0,19,22
FNA:0,8,_ZN13splashkit_lib8sk_delayEj
FNL:1,24,27
FNA:1,146,_ZN13splashkit_lib12sk_get_ticksEv
FNF:2
FNH:2
DA:19,8
DA:21,8
DA:22,8
DA:24,146
DA:27,146
LF:5
LH:5
end_of_record
TN:
SF:/Users/trungpham/Documents/splashkit-core/coresdk/src/backend/web_driver.cpp
FNL:0,106,127
FNA:0,0,_ZN13splashkit_lib18_setup_curl_uploadEPvRKNSt3__112basic_stringIcNS1_11char_traitsIcEENS1_9allocatorIcEEEERKNS1_6vectorIS7_NS5_IS7_EEEE
FNL:1,130,137
FNA:1,0,_ZN13splashkit_lib20_setup_curl_downloadEPvPNS_14request_streamE
FNL:2,139,169
FNA:2,0,_ZN13splashkit_lib16_create_responseEPv8CURLcodeRNS_14request_streamE
FNL:3,171,189
FNA:3,0,_ZN13splashkit_lib12sk_http_postERKNSt3__112basic_stringIcNS0_11char_traitsIcEENS0_9allocatorIcEEEEtS8_RKNS0_6vectorIS6_NS4_IS6_EEEE
FNL:4,192,206
FNA:4,0,_ZN13splashkit_lib11sk_http_getERKNSt3__112basic_stringIcNS0_11char_traitsIcEENS0_9allocatorIcEEEEt
FNL:5,209,248
FNA:5,0,_ZN13splashkit_lib11sk_http_putERKNSt3__112basic_stringIcNS0_11char_traitsIcEENS0_9allocatorIcEEEEtS8_
FNL:6,251,274
FNA:6,0,_ZN13splashkit_lib14sk_http_deleteERKNSt3__112basic_stringIcNS0_11char_traitsIcEENS0_9allocatorIcEEEEtS8_
FNL:7,27,44
FNA:7,0,_ZN13splashkit_libL21write_memory_callbackEPvmmS0_
FNL:8,276,293
FNA:8,0,_ZN13splashkit_lib20sk_http_make_requestERKNS_15sk_http_requestE
FNL:9,46,49
FNA:9,0,_ZN13splashkit_lib10write_dataEPvmmP7__sFILE
FNL:10,56,78
FNA:10,0,_ZN13splashkit_libL17read_request_bodyEPvmmS0_
FNL:11,80,83
FNA:11,2,_ZN13splashkit_lib11sk_init_webEv
FNL:12,85,88
FNA:12,0,_ZN13splashkit_lib15sk_finalise_webEv
FNL:13,90,104
FNA:13,0,_ZN13splashkit_lib10_init_curlEPvRKNSt3__112basic_stringIcNS1_11char_traitsIcEENS1_9allocatorIcEEEEt
FNF:14
FNH:1
DA:27,0
DA:29,0
DA:30,0
DA:32,0
DA:33,0
DA:35,0
DA:36,0
DA:39,0
DA:40,0
DA:41,0
DA:43,0
DA:44,0
DA:46,0
DA:48,0
DA:49,0
DA:56,0
DA:59,0
DA:61,0
DA:63,0
DA:65,0
DA:66,0
DA:69,0
DA:70,0
DA:72,0
DA:73,0
DA:74,0
DA:77,0
DA:78,0
DA:80,2
DA:82,2
DA:83,2
DA:85,0
DA:87,0
DA:88,0
DA:90,0
DA:93,0
DA:96,0
DA:98,0
DA:100,0
DA:103,0
DA:104,0
DA:106,0
DA:109,0
DA:111,0
DA:113,0
DA:115,0
DA:116,0
DA:117,0
DA:120,0
DA:121,0
DA:124,0
DA:125,0
DA:127,0
DA:130,0
DA:133,0
DA:136,0
DA:137,0
DA:139,0
DA:142,0
DA:144,0
DA:145,0
DA:148,0
DA:150,0
DA:153,0
DA:154,0
DA:157,0
DA:158,0
DA:159,0
DA:161,0
DA:164,0
DA:166,0
DA:167,0
DA:168,0
DA:169,0
DA:171,0
DA:173,0
DA:176,0
DA:179,0
DA:180,0
DA:181,0
DA:184,0
DA:187,0
DA:189,0
DA:192,0
DA:194,0
DA:197,0
DA:200,0
DA:201,0
DA:204,0
DA:206,0
DA:209,0
DA:211,0
DA:214,0
DA:217,0
DA:218,0
DA:221,0
DA:222,0
DA:223,0
DA:224,0
DA:227,0
DA:230,0
DA:232,0
DA:235,0
DA:238,0
DA:241,0
DA:243,0
DA:246,0
DA:248,0
DA:251,0
DA:253,0
DA:256,0
DA:261,0
DA:262,0
DA:263,0
DA:265,0
DA:268,0
DA:271,0
DA:273,0
DA:274,0
DA:276,0
DA:278,0
DA:280,0
DA:283,0
DA:285,0
DA:287,0
DA:289,0
DA:291,0
DA:293,0
LF:128
LH:3
end_of_record
TN:
SF:/Users/trungpham/Documents/splashkit-core/coresdk/src/backend/web_server_driver.cpp
FNL:0,0,21
FNA:0,4,__cxx_global_var_init
FNL:1,137,140
FNA:1,0,_ZN13splashkit_lib16sk_flush_requestEPNS_15sk_http_requestE
FNL:2,146,160
FNA:2,0,_ZN13splashkit_lib14sk_get_requestEPNS_13sk_web_serverE
FNL:3,163,182
FNA:3,0,_ZN13splashkit_lib23sk_has_waiting_requestsEPNS_13sk_web_serverE
FNL:4,184,219
FNA:4,0,_ZN13splashkit_lib19sk_start_web_serverEt
FNL:5,221,260
FNA:5,0,_ZN13splashkit_lib18sk_stop_web_serverEPNS_13sk_web_serverE
FNL:6,28,135
FNA:6,0,_ZN13splashkit_libL21begin_request_handlerEP13mg_connection
FNF:7
FNH:1
DA:21,4
DA:28,0
DA:31,0
DA:32,0
DA:34,0
DA:35,0
DA:38,0
DA:39,0
DA:41,0
DA:42,0
DA:45,0
DA:47,0
DA:48,0
DA:49,0
DA:50,0
DA:51,0
DA:54,0
DA:55,0
DA:56,0
DA:57,0
DA:60,0
DA:62,0
DA:63,0
DA:64,0
DA:66,0
DA:67,0
DA:68,0
DA:70,0
DA:71,0
DA:72,0
DA:74,0
DA:75,0
DA:76,0
DA:78,0
DA:79,0
DA:80,0
DA:82,0
DA:83,0
DA:86,0
DA:87,0
DA:90,0
DA:94,0
DA:96,0
DA:97,0
DA:99,0
DA:100,0
DA:101,0
DA:104,0
DA:105,0
DA:106,0
DA:110,0
DA:118,0
DA:119,0
DA:120,0
DA:121,0
DA:122,0
DA:125,0
DA:128,0
DA:131,0
DA:134,0
DA:135,0
DA:137,0
DA:139,0
DA:140,0
DA:146,0
DA:150,0
DA:152,0
DA:153,0
DA:154,0
DA:157,0
DA:160,0
DA:163,0
DA:166,0
DA:168,0
DA:173,0
DA:175,0
DA:177,0
DA:178,0
DA:181,0
DA:182,0
DA:184,0
DA:186,0
DA:190,0
DA:192,0
DA:193,0
DA:196,0
DA:197,0
DA:198,0
DA:199,0
DA:201,0
DA:204,0
DA:206,0
DA:207,0
DA:210,0
DA:211,0
DA:214,0
DA:216,0
DA:218,0
DA:219,0
DA:221,0
DA:224,0
DA:226,0
DA:227,0
DA:230,0
DA:232,0
DA:233,0
DA:234,0
DA:238,0
DA:240,0
DA:243,0
DA:244,0
DA:246,0
DA:247,0
DA:249,0
DA:251,0
DA:252,0
DA:254,0
DA:255,0
DA:258,0
DA:260,0
LF:120
LH:1
end_of_record
TN:
SF:/Users/trungpham/Documents/splashkit-core/coresdk/src/coresdk/animations.cpp
FNL:0,0,32
FNA:0,4,__cxx_global_var_init
FNL:1,107,123
FNA:1,28,_ZZN13splashkit_lib21load_animation_scriptERKNSt3__112basic_stringIcNS0_11char_traitsIcEENS0_9allocatorIcEEEES8_ENK3$_9clENS_7id_dataE
FNL:2,145,186
FNA:2,46,_ZZN13splashkit_lib21load_animation_scriptERKNSt3__112basic_stringIcNS0_11char_traitsIcEENS0_9allocatorIcEEEES8_ENK3$_4clEv
FNL:3,188,202
FNA:3,28,_ZZN13splashkit_lib21load_animation_scriptERKNSt3__112basic_stringIcNS0_11char_traitsIcEENS0_9allocatorIcEEEES8_ENK3$_5clEv
FNL:4,204,232
FNA:4,18,_ZZN13splashkit_lib21load_animation_scriptERKNSt3__112basic_stringIcNS0_11char_traitsIcEENS0_9allocatorIcEEEES8_ENK3$_6clEv
FNL:5,234,274
FNA:5,0,_ZZN13splashkit_lib21load_animation_scriptERKNSt3__112basic_stringIcNS0_11char_traitsIcEENS0_9allocatorIcEEEES8_ENK3$_7clEv
FNL:6,276,311
FNA:6,92,_ZZN13splashkit_lib21load_animation_scriptERKNSt3__112basic_stringIcNS0_11char_traitsIcEENS0_9allocatorIcEEEES8_ENK3$_1clEv
FNL:7,313,363
FNA:7,2,_ZZN13splashkit_lib21load_animation_scriptERKNSt3__112basic_stringIcNS0_11char_traitsIcEENS0_9allocatorIcEEEES8_ENK3$_2clEv
FNL:8,365,378
FNA:8,0,_ZZN13splashkit_lib21load_animation_scriptERKNSt3__112basic_stringIcNS0_11char_traitsIcEENS0_9allocatorIcEEEES8_ENK4$_10clEPNS_15animation_frameE
FNL:9,382,416
FNA:9,2,_ZZN13splashkit_lib21load_animation_scriptERKNSt3__112basic_stringIcNS0_11char_traitsIcEENS0_9allocatorIcEEEES8_ENK3$_3clEv
FNL:10,41
FNA:10,30,_ZN13splashkit_lib7id_dataC1EOS0_
FNA:10,56,_ZN13splashkit_lib7id_dataC1ERKS0_
FNA:10,28,_ZN13splashkit_lib7id_dataC1Ev
FNA:10,30,_ZN13splashkit_lib7id_dataC2EOS0_
FNA:10,56,_ZN13splashkit_lib7id_dataC2ERKS0_
FNA:10,28,_ZN13splashkit_lib7id_dataC2Ev
FNA:10,114,_ZN13splashkit_lib7id_dataD1Ev
FNA:10,114,_ZN13splashkit_lib7id_dataD2Ev
FNL:11,418,468
FNA:11,2,_ZZN13splashkit_lib21load_animation_scriptERKNSt3__112basic_stringIcNS0_11char_traitsIcEENS0_9allocatorIcEEEES8_ENK3$_0clEv
FNL:12,470,476
FNA:12,0,_ZN13splashkit_lib22animation_script_namedERKNSt3__112basic_stringIcNS0_11char_traitsIcEENS0_9allocatorIcEEEE
FNL:13,479,499
FNA:13,2,_ZN13splashkit_lib21free_animation_scriptEPNS_22_animation_script_dataE
FNL:14,49,66
FNA:14,2,_ZN13splashkit_lib21load_animation_scriptERKNSt3__112basic_stringIcNS0_11char_traitsIcEENS0_9allocatorIcEEEES8_
FNL:15,501,504
FNA:15,0,_ZN13splashkit_lib21free_animation_scriptERKNSt3__112basic_stringIcNS0_11char_traitsIcEENS0_9allocatorIcEEEE
FNL:16,506,525
FNA:16,0,_ZN13splashkit_lib26free_all_animation_scriptsEv
FNL:17,527,540
FNA:17,0,_ZN13splashkit_lib17_remove_animationEPNS_22_animation_script_dataEPNS_15_animation_dataE
FNL:18,542,553
FNA:18,0,_ZN13splashkit_lib14free_animationEPNS_15_animation_dataE
FNL:19,555,557
FNA:19,4,_ZN13splashkit_lib20has_animation_scriptERKNSt3__112basic_stringIcNS0_11char_traitsIcEENS0_9allocatorIcEEEE
FNL:20,561,570
FNA:20,0,_ZN13splashkit_lib15animation_countEPNS_22_animation_script_dataE
FNL:21,572,582
FNA:21,18,_ZN13splashkit_lib22animation_current_cellEPNS_15_animation_dataE
FNL:22,584,595
FNA:22,18,_ZN13splashkit_lib24animation_current_vectorEPNS_15_animation_dataE
FNL:23,597,599
FNA:23,36,_ZN13splashkit_lib15animation_endedEPNS_15_animation_dataE
FNL:24,602,611
FNA:24,0,_ZN13splashkit_lib23animation_entered_frameEPNS_15_animation_dataE
FNL:25,613,622
FNA:25,0,_ZN13splashkit_lib20animation_frame_timeEPNS_15_animation_dataE
FNL:26,624,633
FNA:26,0,_ZN13splashkit_lib19has_animation_namedEPNS_22_animation_script_dataERKNSt3__112basic_stringIcNS2_11char_traitsIcEENS2_9allocatorIcEEEE
FNL:27,635,650
FNA:27,0,_ZN13splashkit_lib15animation_indexEPNS_22_animation_script_dataERKNSt3__112basic_stringIcNS2_11char_traitsIcEENS2_9allocatorIcEEEE
FNL:28,652,661
FNA:28,0,_ZN13splashkit_lib14animation_nameEPNS_15_animation_dataE
FNL:29,663,678
FNA:29,0,_ZN13splashkit_lib14animation_nameEPNS_22_animation_script_dataEi
FNL:30,680,684
FNA:30,0,_ZN13splashkit_lib21animation_script_nameEPNS_22_animation_script_dataE
FNL:31,686,717
FNA:31,0,_ZN13splashkit_lib16assign_animationEPNS_15_animation_dataEPNS_22_animation_script_dataEib
FNL:32,719,728
FNA:32,0,_ZN13splashkit_lib16assign_animationEPNS_15_animation_dataEib
FNL:33,72,105
FNA:33,224,_ZZN13splashkit_lib21load_animation_scriptERKNSt3__112basic_stringIcNS0_11char_traitsIcEENS0_9allocatorIcEEEES8_ENK3$_8clENS_8row_dataE
FNL:34,730,739
FNA:34,0,_ZN13splashkit_lib16assign_animationEPNS_15_animation_dataENSt3__112basic_stringIcNS2_11char_traitsIcEENS2_9allocatorIcEEEEb
FNL:35,742,745
FNA:35,0,_ZN13splashkit_lib16assign_animationEPNS_15_animation_dataEi
FNL:36,747,750
FNA:36,0,_ZN13splashkit_lib16assign_animationEPNS_15_animation_dataENSt3__112basic_stringIcNS2_11char_traitsIcEENS2_9allocatorIcEEEE
FNL:37,753,756
FNA:37,0,_ZN13splashkit_lib16assign_animationEPNS_15_animation_dataEPNS_22_animation_script_dataEi
FNL:38,758,761
FNA:38,0,_ZN13splashkit_lib16assign_animationEPNS_15_animation_dataEPNS_22_animation_script_dataERKNSt3__112basic_stringIcNS4_11char_traitsIcEENS4_9allocatorIcEEEE
FNL:39,763,766
FNA:39,0,_ZN13splashkit_lib16assign_animationEPNS_15_animation_dataEPNS_22_animation_script_dataERKNSt3__112basic_stringIcNS4_11char_traitsIcEENS4_9allocatorIcEEEEb
FNL:40,768,772
FNA:40,0,_ZN13splashkit_lib16assign_animationEPNS_15_animation_dataERKNSt3__112basic_stringIcNS2_11char_traitsIcEENS2_9allocatorIcEEEESA_
FNL:41,774,778
FNA:41,0,_ZN13splashkit_lib16assign_animationEPNS_15_animation_dataERKNSt3__112basic_stringIcNS2_11char_traitsIcEENS2_9allocatorIcEEEESA_b
FNL:42,781,813
FNA:42,0,_ZN13splashkit_lib16create_animationEPNS_22_animation_script_dataEib
FNL:43,815,817
FNA:43,0,_ZN13splashkit_lib16create_animationEPNS_22_animation_script_dataEi
FNL:44,820,822
FNA:44,0,_ZN13splashkit_lib16create_animationEPNS_22_animation_script_dataERKNSt3__112basic_stringIcNS2_11char_traitsIcEENS2_9allocatorIcEEEEb
FNL:45,825,827
FNA:45,0,_ZN13splashkit_lib16create_animationEPNS_22_animation_script_dataERKNSt3__112basic_stringIcNS2_11char_traitsIcEENS2_9allocatorIcEEEE
FNL:46,830,832
FNA:46,0,_ZN13splashkit_lib16create_animationERKNSt3__112basic_stringIcNS0_11char_traitsIcEENS0_9allocatorIcEEEES8_b
FNL:47,835,837
FNA:47,0,_ZN13splashkit_lib16create_animationERKNSt3__112basic_stringIcNS0_11char_traitsIcEENS0_9allocatorIcEEEES8_
FNL:48,840,843
FNA:48,0,_ZN13splashkit_lib17restart_animationEPNS_15_animation_dataE
FNL:49,845,860
FNA:49,0,_ZN13splashkit_lib17restart_animationEPNS_15_animation_dataEb
FNL:50,862,865
FNA:50,0,_ZN13splashkit_lib16update_animationEPNS_15_animation_dataE
FNL:51,867,870
FNA:51,0,_ZN13splashkit_lib16update_animationEPNS_15_animation_dataEf
FNL:52,872,898
FNA:52,18,_ZN13splashkit_lib16update_animationEPNS_15_animation_dataEfb
FNF:53
FNH:18
DA:32,4
DA:49,2
DA:52,2
DA:53,2
DA:55,2
DA:58,2
DA:60,2
DA:62,0
DA:63,0
DA:66,2
DA:72,226
DA:77,224
DA:79,224
DA:82,448
DA:84,224
DA:85,224
DA:86,224
DA:87,224
DA:88,224
DA:89,224
DA:91,224
DA:92,224
DA:94,224
DA:96,0
DA:97,0
DA:102,224
DA:103,224
DA:105,224
DA:107,30
DA:112,210
DA:114,182
DA:116,0
DA:117,0
DA:119,182
DA:121,28
DA:122,28
DA:123,28
DA:145,48
DA:147,46
DA:151,46
DA:153,0
DA:154,0
DA:157,46
DA:158,46
DA:160,46
DA:162,0
DA:163,0
DA:166,46
DA:167,46
DA:169,270
DA:171,224
DA:172,224
DA:173,224
DA:174,224
DA:175,224
DA:177,224
DA:178,178
DA:180,46
DA:182,224
DA:183,224
DA:185,46
DA:186,46
DA:188,30
DA:190,28
DA:192,28
DA:194,0
DA:195,0
DA:198,28
DA:199,28
DA:201,28
DA:202,28
DA:204,20
DA:207,18
DA:209,18
DA:211,0
DA:212,0
DA:215,18
DA:216,18
DA:217,18
DA:219,18
DA:221,6
DA:223,0
DA:224,0
DA:226,6
DA:228,18
DA:229,18
DA:231,0
DA:232,18
DA:234,2
DA:236,0
DA:237,0
DA:241,0
DA:243,0
DA:244,0
DA:247,0
DA:248,0
DA:249,0
DA:251,0
DA:253,0
DA:254,0
DA:257,0
DA:259,0
DA:260,0
DA:263,0
DA:267,0
DA:269,0
DA:271,0
DA:272,0
DA:274,0
DA:276,94
DA:279,92
DA:280,92
DA:283,92
DA:285,0
DA:286,0
DA:290,92
DA:293,8
DA:294,8
DA:296,38
DA:297,38
DA:299,28
DA:300,28
DA:302,18
DA:303,18
DA:305,0
DA:306,0
DA:308,0
DA:309,0
DA:311,92
DA:313,4
DA:316,2
DA:318,2
DA:319,2
DA:320,2
DA:324,2
DA:327,226
DA:329,224
DA:330,224
DA:331,224
DA:332,224
DA:333,224
DA:336,224
DA:338,224
DA:341,26
DA:342,26
DA:343,198
DA:345,0
DA:346,0
DA:347,0
DA:348,0
DA:351,198
DA:352,224
DA:354,2
DA:356,30
DA:358,28
DA:359,28
DA:360,28
DA:362,28
DA:363,2
DA:365,0
DA:369,0
DA:370,0
DA:372,0
DA:374,0
DA:375,0
DA:378,0
DA:382,4
DA:388,2
DA:390,2
DA:393,226
DA:395,224
DA:397,0
DA:398,0
DA:400,224
DA:402,2
DA:405,0
DA:407,0
DA:409,0
DA:411,0
DA:412,0
DA:413,0
DA:415,0
DA:416,2
DA:418,4
DA:420,2
DA:421,2
DA:423,4
DA:425,2
DA:426,2
DA:430,2
DA:432,0
DA:433,0
DA:436,2
DA:437,2
DA:439,2
DA:440,2
DA:441,2
DA:442,2
DA:444,2
DA:446,0
DA:447,0
DA:451,140
DA:453,138
DA:455,138
DA:456,138
DA:457,110
DA:459,92
DA:462,2
DA:463,2
DA:465,2
DA:467,2
DA:468,2
DA:470,0
DA:472,0
DA:473,0
DA:475,0
DA:476,0
DA:479,2
DA:481,2
DA:483,0
DA:484,0
DA:487,2
DA:490,2
DA:492,0
DA:493,0
DA:495,2
DA:497,2
DA:498,2
DA:499,2
DA:501,0
DA:503,0
DA:504,0
DA:506,0
DA:508,0
DA:510,0
DA:512,0
DA:514,0
DA:515,0
DA:517,0
DA:518,0
DA:521,0
DA:522,0
DA:524,0
DA:525,0
DA:527,0
DA:529,0
DA:531,0
DA:535,0
DA:536,0
DA:537,0
DA:539,0
DA:540,0
DA:542,0
DA:544,0
DA:546,0
DA:548,0
DA:549,0
DA:551,0
DA:552,0
DA:553,0
DA:555,4
DA:557,4
DA:561,0
DA:563,0
DA:565,0
DA:566,0
DA:569,0
DA:570,0
DA:572,18
DA:574,18
DA:575,18
DA:576,0
DA:577,0
DA:578,0
DA:579,0
DA:581,0
DA:582,18
DA:584,18
DA:586,18
DA:588,18
DA:591,0
DA:592,0
DA:594,0
DA:595,18
DA:597,36
DA:599,36
DA:602,0
DA:604,0
DA:606,0
DA:607,0
DA:610,0
DA:611,0
DA:613,0
DA:615,0
DA:617,0
DA:618,0
DA:621,0
DA:622,0
DA:624,0
DA:626,0
DA:628,0
DA:629,0
DA:632,0
DA:633,0
DA:635,0
DA:637,0
DA:639,0
DA:640,0
DA:643,0
DA:645,0
DA:646,0
DA:649,0
DA:650,0
DA:652,0
DA:654,0
DA:656,0
DA:657,0
DA:660,0
DA:661,0
DA:663,0
DA:665,0
DA:667,0
DA:668,0
DA:671,0
DA:673,0
DA:674,0
DA:677,0
DA:678,0
DA:680,0
DA:682,0
DA:683,0
DA:684,0
DA:686,0
DA:688,0
DA:690,0
DA:691,0
DA:694,0
DA:696,0
DA:697,0
DA:700,0
DA:702,0
DA:703,0
DA:707,0
DA:709,0
DA:710,0
DA:711,0
DA:712,0
DA:714,0
DA:715,0
DA:716,0
DA:717,0
DA:719,0
DA:721,0
DA:723,0
DA:724,0
DA:727,0
DA:728,0
DA:730,0
DA:732,0
DA:734,0
DA:735,0
DA:738,0
DA:739,0
DA:742,0
DA:744,0
DA:745,0
DA:747,0
DA:749,0
DA:750,0
DA:753,0
DA:755,0
DA:756,0
DA:758,0
DA:760,0
DA:761,0
DA:763,0
DA:765,0
DA:766,0
DA:768,0
DA:770,0
DA:771,0
DA:772,0
DA:774,0
DA:776,0
DA:777,0
DA:778,0
DA:781,0
DA:783,0
DA:785,0
DA:787,0
DA:788,0
DA:791,0
DA:793,0
DA:794,0
DA:797,0
DA:799,0
DA:800,0
DA:801,0
DA:802,0
DA:803,0
DA:804,0
DA:805,0
DA:806,0
DA:808,0
DA:810,0
DA:812,0
DA:813,0
DA:815,0
DA:817,0
DA:820,0
DA:822,0
DA:825,0
DA:827,0
DA:830,0
DA:832,0
DA:835,0
DA:837,0
DA:840,0
DA:842,0
DA:843,0
DA:845,0
DA:847,0
DA:849,0
DA:850,0
DA:853,0
DA:854,0
DA:855,0
DA:856,0
DA:858,0
DA:859,0
DA:860,0
DA:862,0
DA:864,0
DA:865,0
DA:867,0
DA:869,0
DA:870,0
DA:872,18
DA:874,18
DA:876,0
DA:878,0
DA:880,0
DA:881,0
DA:882,0
DA:887,0
DA:889,0
DA:890,0
DA:892,0
DA:893,0
DA:896,0
DA:898,18
LF:451
LH:168
end_of_record
TN:
SF:/Users/trungpham/Documents/splashkit-core/coresdk/src/coresdk/audio.cpp
FNL:0,0,14
FNA:0,4,__cxx_global_var_init
FNL:1,23,26
FNA:1,6,_ZN13splashkit_lib10open_audioEv
FNL:2,28,31
FNA:2,0,_ZN13splashkit_lib11close_audioEv
FNL:3,33,35
FNA:3,32,_ZN13splashkit_lib11audio_readyEv
FNF:4
FNH:3
DA:14,4
DA:23,6
DA:25,6
DA:26,6
DA:28,0
DA:30,0
DA:31,0
DA:33,32
DA:35,32
LF:9
LH:6
end_of_record
TN:
SF:/Users/trungpham/Documents/splashkit-core/coresdk/src/coresdk/basics.cpp
FNL:0,0,23
FNA:0,4,__cxx_global_var_init
FNL:1,113,122
FNA:1,28,_ZN13splashkit_lib10is_integerERKNSt3__112basic_stringIcNS0_11char_traitsIcEENS0_9allocatorIcEEEE
FNL:2,124,126
[...]
DA:181,10
DA:182,4
DA:184,2
DA:185,8
DA:187,36
DA:190,78
DA:192,64
DA:193,42
DA:195,14
DA:196,14
DA:200,42
DA:202,28
DA:204,0
DA:206,28
DA:208,14
DA:209,36
DA:211,2
DA:213,2
DA:214,2
DA:215,2
DA:218,2
DA:220,2
DA:221,0
LF:107
LH:67
end_of_record
TN:
SF:/Users/trungpham/Documents/splashkit-core/coresdk/src/coresdk/utils.cpp
FNL:0,30,54
FNA:0,4,_ZN13splashkit_lib5delayEi
FNL:1,56,58
FNA:1,2,_ZN13splashkit_lib13current_ticksEv
FNL:2,61,74
FNA:2,8,_ZN13splashkit_lib14file_as_stringENSt3__112basic_stringIcNS0_11char_traitsIcEENS0_9allocatorIcEEEENS_13resource_kindE
FNL:3,77,86
FNA:3,0,_ZN13splashkit_lib11draw_buttonEPNS_12_window_dataERKNSt3__112basic_stringIcNS2_11char_traitsIcEENS2_9allocatorIcEEEEPNS_12sk_font_dataEiRKNS_9rectangleE
FNL:4,88,90
FNA:4,0,_ZN13splashkit_lib14button_clickedEPNS_12_window_dataERKNS_9rectangleE
FNL:5,93,136
FNA:5,0,_ZN13splashkit_lib14display_dialogERKNSt3__112basic_stringIcNS0_11char_traitsIcEENS0_9allocatorIcEEEES8_PNS_12sk_font_dataEi
FNF:6
FNH:3
DA:30,4
DA:32,4
DA:34,2
DA:35,0
DA:39,10
DA:41,8
DA:43,0
DA:44,0
DA:45,0
DA:47,8
DA:48,8
DA:49,2
DA:51,2
DA:53,2
DA:54,4
DA:56,2
DA:58,2
DA:61,8
DA:63,8
DA:65,8
DA:66,8
DA:67,8
DA:68,40
DA:70,32
DA:73,8
DA:74,8
DA:77,0
DA:79,0
DA:80,0
DA:82,0
DA:84,0
DA:85,0
DA:86,0
DA:88,0
DA:90,0
DA:93,0
DA:97,0
DA:99,0
DA:101,0
DA:102,0
DA:103,0
DA:106,0
DA:107,0
DA:109,0
DA:111,0
DA:112,0
DA:114,0
DA:116,0
DA:117,0
DA:119,0
DA:121,0
DA:123,0
DA:124,0
DA:126,0
DA:128,0
DA:130,0
DA:131,0
DA:132,0
DA:134,0
DA:135,0
DA:136,0
LF:61
LH:22
end_of_record
TN:
SF:/Users/trungpham/Documents/splashkit-core/coresdk/src/coresdk/vector_2d.cpp
FNL:0,117,121
FNA:0,0,_ZN13splashkit_lib13angle_betweenERKNS_9vector_2dES2_
FNL:1,124,135
FNA:1,2,_ZN13splashkit_lib13vector_normalERKNS_9vector_2dE
FNL:2,137,139
FNA:2,290,_ZN13splashkit_lib24vector_magnitude_squaredERKNS_9vector_2dE
FNL:3,142,144
FNA:3,276,_ZN13splashkit_lib16vector_magnitudeERKNS_9vector_2dE
FNL:4,147,154
FNA:4,0,_ZN13splashkit_lib12vector_limitERKNS_9vector_2dEd
FNL:5,156,166
FNA:5,78,_ZN13splashkit_lib11unit_vectorERKNS_9vector_2dE
FNL:6,169,171
FNA:6,0,_ZN13splashkit_lib14is_zero_vectorERKNS_9vector_2dE
FNL:7,174,191
FNA:7,0,_ZN13splashkit_lib22ray_intersection_pointERKNS_8point_2dERKNS_9vector_2dERKNS_4lineERS0_
FNL:8,193,243
FNA:8,0,_ZN13splashkit_lib29vector_out_of_rect_from_pointERKNS_8point_2dERKNS_9rectangleERKNS_9vector_2dE
FNL:9,21,24
FNA:9,0,_ZN13splashkit_lib16vector_to_stringERKNS_9vector_2dE
FNL:10,254,355
FNA:10,0,_ZN13splashkit_lib29vector_over_lines_from_circleERKNS_6circleENSt3__16vectorINS_4lineENS3_9allocatorIS5_EEEERKNS_9vector_2dERi
FNL:11,26,28
FNA:11,15384,_ZN13splashkit_lib9vector_toEdd
FNL:12,31,36
FNA:12,754,_ZN13splashkit_lib9vector_toERKNS_8point_2dE
FNL:13,357,365
FNA:13,0,_ZN13splashkit_lib11points_fromERKNS_9rectangleE
FNL:14,367,373
FNA:14,0,_ZN13splashkit_lib11points_fromERKNS_4lineE
FNL:15,375,380
FNA:15,0,_ZN13splashkit_lib28vector_over_lines_from_linesERKNSt3__16vectorINS_4lineENS0_9allocatorIS2_EEEES7_RKNS_9vector_2dERi
FNL:16,384,464
FNA:16,0,_ZZN13splashkit_lib28vector_over_lines_from_linesERKNSt3__16vectorINS_4lineENS0_9allocatorIS2_EEEES7_RKNS_9vector_2dERiENK3$_0clENS_8point_2dERKS2_S8_
FNL:17,39,44
FNA:17,210,_ZN13splashkit_lib21vector_point_to_pointERKNS_8point_2dES2_
FNL:18,466,470
FNA:18,0,_ZN13splashkit_lib28vector_out_of_rect_from_rectERKNS_9rectangleES2_RKNS_9vector_2dE
FNL:19,47,49
FNA:19,6,_ZN13splashkit_lib13vector_invertERKNS_9vector_2dE
FNL:20,472,510
FNA:20,0,_ZN13splashkit_lib31vector_out_of_circle_from_pointERKNS_8point_2dERKNS_6circleERKNS_9vector_2dE
FNL:21,512,515
FNA:21,0,_ZN13splashkit_lib32vector_out_of_circle_from_circleERKNS_6circleES2_RKNS_9vector_2dE
FNL:22,518,522
FNA:22,0,_ZN13splashkit_lib30vector_out_of_rect_from_circleERKNS_6circleERKNS_9rectangleERKNS_9vector_2dE
FNL:23,52,54
FNA:23,16,_ZN13splashkit_lib17vector_from_angleEdd
FNL:24,524,536
FNA:24,0,_ZN13splashkit_lib25vector_from_point_to_rectERKNS_8point_2dERKNS_9rectangleE
FNL:25,539,546
FNA:25,0,_ZN13splashkit_lib14vector_in_rectERKNS_9vector_2dERKNS_9rectangleE
FNL:26,57,59
FNA:26,2,_ZN13splashkit_lib16vector_from_lineERKNS_4lineE
FNL:27,62,64
FNA:27,2669612,_ZN13splashkit_lib10vector_addERKNS_9vector_2dES2_
FNL:28,67,69
FNA:28,620,_ZN13splashkit_lib15vector_subtractERKNS_9vector_2dES2_
FNL:29,72,74
FNA:29,50,_ZN13splashkit_lib15vector_multiplyERKNS_9vector_2dEd
FNL:30,77,79
FNA:30,0,_ZN13splashkit_lib13vectors_equalERKNS_9vector_2dES0_
FNL:31,82,84
FNA:31,0,_ZN13splashkit_lib17vectors_not_equalERKNS_9vector_2dES0_
FNL:32,87,89
FNA:32,964,_ZN13splashkit_lib11dot_productERKNS_9vector_2dES2_
FNL:33,92,115
FNA:33,18,_ZN13splashkit_lib12vector_angleENS_9vector_2dE
FNF:34
FNH:15
DA:21,0
DA:23,0
DA:24,0
DA:26,15384
DA:28,15384
DA:31,754
DA:34,754
DA:35,754
DA:36,754
DA:39,210
DA:42,210
DA:43,210
DA:44,210
DA:47,6
DA:49,6
DA:52,16
DA:54,16
DA:57,2
DA:59,2
DA:62,2669612
DA:64,2669612
DA:67,620
DA:69,620
DA:72,50
DA:74,50
DA:77,0
DA:79,0
DA:82,0
DA:84,0
DA:87,964
DA:89,964
DA:92,18
DA:94,18
DA:96,2
DA:97,2
DA:99,16
DA:101,2
DA:102,2
DA:106,14
DA:108,14
DA:110,4
DA:111,2
DA:112,4
DA:113,14
DA:115,18
DA:117,0
DA:119,0
DA:120,0
DA:121,0
DA:124,2
DA:126,2
DA:128,2
DA:130,0
DA:131,0
DA:134,2
DA:135,2
DA:137,290
DA:139,290
DA:142,276
DA:144,276
DA:147,0
DA:149,0
DA:151,0
DA:153,0
DA:154,0
DA:156,78
DA:159,78
DA:161,78
DA:162,2
DA:164,76
DA:166,78
DA:169,0
DA:171,0
DA:174,0
DA:179,0
DA:182,0
DA:185,0
DA:188,0
DA:190,0
DA:191,0
DA:193,0
DA:201,0
DA:202,0
DA:204,0
DA:205,0
DA:206,0
DA:207,0
DA:208,0
DA:212,0
DA:213,0
DA:216,0
DA:222,0
DA:227,0
DA:230,0
DA:233,0
DA:235,0
DA:236,0
DA:237,0
DA:238,0
DA:239,0
DA:240,0
DA:241,0
DA:243,0
DA:254,0
DA:266,0
DA:268,0
DA:270,0
DA:274,0
DA:275,0
DA:276,0
DA:277,0
DA:279,0
DA:280,0
DA:283,0
DA:286,0
DA:288,0
DA:290,0
DA:291,0
DA:294,0
DA:296,0
DA:299,0
DA:304,0
DA:309,0
DA:310,0
DA:311,0
DA:312,0
DA:313,0
DA:317,0
DA:320,0
DA:322,0
DA:325,0
DA:329,0
DA:334,0
DA:338,0
DA:342,0
DA:344,0
DA:346,0
DA:347,0
DA:348,0
DA:349,0
DA:350,0
DA:351,0
DA:352,0
DA:354,0
DA:355,0
DA:357,0
DA:359,0
DA:360,0
DA:361,0
DA:362,0
DA:363,0
DA:364,0
DA:365,0
DA:367,0
DA:369,0
DA:370,0
DA:371,0
DA:372,0
DA:373,0
DA:375,0
DA:380,0
DA:384,0
DA:393,0
DA:395,0
DA:396,0
DA:403,0
DA:406,0
DA:408,0
DA:409,0
DA:410,0
DA:411,0
DA:413,0
DA:414,0
DA:415,0
DA:416,0
DA:418,0
DA:419,0
DA:422,0
DA:423,0
DA:426,0
DA:427,0
DA:432,0
DA:435,0
DA:438,0
DA:443,0
DA:444,0
DA:446,0
DA:449,0
DA:450,0
DA:452,0
DA:456,0
DA:458,0
DA:459,0
DA:460,0
DA:461,0
DA:464,0
DA:466,0
DA:468,0
DA:469,0
DA:470,0
DA:472,0
DA:479,0
DA:481,0
DA:486,0
DA:487,0
DA:488,0
DA:489,0
DA:491,0
DA:492,0
DA:493,0
DA:495,0
DA:498,0
DA:499,0
DA:503,0
DA:504,0
DA:505,0
DA:507,0
DA:508,0
DA:510,0
DA:512,0
DA:514,0
DA:515,0
DA:518,0
DA:521,0
DA:522,0
DA:524,0
DA:528,0
DA:529,0
DA:530,0
DA:532,0
DA:533,0
DA:534,0
DA:536,0
DA:539,0
DA:541,0
DA:542,0
DA:543,0
DA:544,0
DA:545,0
DA:546,0
LF:240
LH:53
end_of_record
TN:
SF:/Users/trungpham/Documents/splashkit-core/coresdk/src/coresdk/web_server.cpp
FNL:0,122,125
FNA:0,0,_ZN13splashkit_lib13send_responseEPNS_15sk_http_requestENS_16http_status_codeERKNSt3__112basic_stringIcNS3_11char_traitsIcEENS3_9allocatorIcEEEESB_
FNL:1,127,130
FNA:1,0,_ZN13splashkit_lib13send_responseEPNS_15sk_http_requestERKNSt3__112basic_stringIcNS2_11char_traitsIcEENS2_9allocatorIcEEEE
FNL:2,132,135
FNA:2,0,_ZN13splashkit_lib13send_responseEPNS_15sk_http_requestENS_16http_status_codeERKNSt3__112basic_stringIcNS3_11char_traitsIcEENS3_9allocatorIcEEEE
FNL:3,137,140
FNA:3,0,_ZN13splashkit_lib13send_responseEPNS_15sk_http_requestEPNS_7sk_jsonE
FNL:4,142,145
FNA:4,0,_ZN13splashkit_lib13send_responseEPNS_15sk_http_requestENS_16http_status_codeE
FNL:5,147,150
FNA:5,0,_ZN13splashkit_lib13send_responseEPNS_15sk_http_requestE
FNL:6,152,156
FNA:6,0,_ZN13splashkit_lib18send_file_responseEPNS_15sk_http_requestERKNSt3__112basic_stringIcNS2_11char_traitsIcEENS2_9allocatorIcEEEESA_
FNL:7,158,161
FNA:7,0,_ZN13splashkit_lib29send_javascript_file_responseEPNS_15sk_http_requestERKNSt3__112basic_stringIcNS2_11char_traitsIcEENS2_9allocatorIcEEEE
FNL:8,163,166
FNA:8,0,_ZN13splashkit_lib22send_css_file_responseEPNS_15sk_http_requestERKNSt3__112basic_stringIcNS2_11char_traitsIcEENS2_9allocatorIcEEEE
FNL:9,168,171
FNA:9,0,_ZN13splashkit_lib23send_html_file_responseEPNS_15sk_http_requestERKNSt3__112basic_stringIcNS2_11char_traitsIcEENS2_9allocatorIcEEEE
FNL:10,173,182
FNA:10,0,_ZN13splashkit_lib11request_uriEPNS_15sk_http_requestE
FNL:11,184,193
FNA:11,0,_ZN13splashkit_lib20request_query_stringEPNS_15sk_http_requestE
FNL:12,198,239
FNA:12,0,_ZN13splashkit_lib23request_query_parameterEPNS_15sk_http_requestERKNSt3__112basic_stringIcNS2_11char_traitsIcEENS2_9allocatorIcEEEESA_
FNL:13,21,23
FNA:13,0,_ZN13splashkit_lib16start_web_serverEt
FNL:14,241,250
FNA:14,0,_ZN13splashkit_lib27request_has_query_parameterEPNS_15sk_http_requestERKNSt3__112basic_stringIcNS2_11char_traitsIcEENS2_9allocatorIcEEEE
FNL:15,254,263
FNA:15,0,_ZN13splashkit_lib14request_methodEPNS_15sk_http_requestE
FNL:16,26,28
FNA:16,0,_ZN13splashkit_lib16start_web_serverEv
FNL:17,265,274
FNA:17,0,_ZN13splashkit_lib12request_bodyEPNS_15sk_http_requestE
FNL:18,276,285
FNA:18,0,_ZN13splashkit_lib15request_headersEPNS_15sk_http_requestE
FNL:19,287,291
FNA:19,0,_ZN13splashkit_lib17request_uri_stubsEPNS_15sk_http_requestE
FNL:20,293,314
FNA:20,14,_ZN13splashkit_lib15split_uri_stubsERKNSt3__112basic_stringIcNS0_11char_traitsIcEENS0_9allocatorIcEEEE
FNL:21,31,40
FNA:21,0,_ZN13splashkit_lib21has_incoming_requestsEPNS_13sk_web_serverE
FNL:22,316,320
FNA:22,0,_ZN13splashkit_lib14is_request_forEPNS_15sk_http_requestENS_11http_methodERKNSt3__112basic_stringIcNS3_11char_traitsIcEENS3_9allocatorIcEEEE
FNL:23,322,324
FNA:23,0,_ZN13splashkit_lib18is_get_request_forEPNS_15sk_http_requestERKNSt3__112basic_stringIcNS2_11char_traitsIcEENS2_9allocatorIcEEEE
FNL:24,327,329
FNA:24,0,_ZN13splashkit_lib19is_post_request_forEPNS_15sk_http_requestERKNSt3__112basic_stringIcNS2_11char_traitsIcEENS2_9allocatorIcEEEE
FNL:25,332,334
FNA:25,0,_ZN13splashkit_lib18is_put_request_forEPNS_15sk_http_requestERKNSt3__112basic_stringIcNS2_11char_traitsIcEENS2_9allocatorIcEEEE
FNL:26,337,339
FNA:26,0,_ZN13splashkit_lib21is_delete_request_forEPNS_15sk_http_requestERKNSt3__112basic_stringIcNS2_11char_traitsIcEENS2_9allocatorIcEEEE
FNL:27,342,344
FNA:27,0,_ZN13splashkit_lib22is_options_request_forEPNS_15sk_http_requestERKNSt3__112basic_stringIcNS2_11char_traitsIcEENS2_9allocatorIcEEEE
FNL:28,347,349
FNA:28,0,_ZN13splashkit_lib20is_trace_request_forEPNS_15sk_http_requestERKNSt3__112basic_stringIcNS2_11char_traitsIcEENS2_9allocatorIcEEEE
FNL:29,42,51
FNA:29,0,_ZN13splashkit_lib15stop_web_serverEPNS_13sk_web_serverE
FNL:30,53,67
FNA:30,0,_ZN13splashkit_lib16next_web_requestEPNS_13sk_web_serverE
FNL:31,69,88
FNA:31,0,_ZN13splashkit_lib14_send_responseEPNS_15sk_http_requestEPNS_16sk_http_responseE
FNL:32,90,120
FNA:32,0,_ZN13splashkit_lib13send_responseEPNS_15sk_http_requestENS_16http_status_codeERKNSt3__112basic_stringIcNS3_11char_traitsIcEENS3_9allocatorIcEEEESB_RKNS3_6vectorIS9_NS7_IS9_EEEE
FNF:33
FNH:1
DA:21,0
DA:23,0
DA:26,0
DA:28,0
DA:31,0
DA:33,0
DA:35,0
DA:36,0
DA:39,0
DA:40,0
DA:42,0
DA:44,0
DA:46,0
DA:47,0
DA:50,0
DA:51,0
DA:53,0
DA:55,0
DA:57,0
DA:58,0
DA:61,0
DA:64,0
DA:66,0
DA:67,0
DA:69,0
DA:71,0
DA:73,0
DA:74,0
DA:77,0
DA:79,0
DA:82,0
DA:83,0
DA:85,0
DA:86,0
DA:87,0
DA:88,0
DA:90,0
DA:92,0
DA:94,0
DA:95,0
DA:97,0
DA:99,0
DA:100,0
DA:103,0
DA:105,0
DA:106,0
DA:107,0
DA:108,0
DA:109,0
DA:110,0
DA:112,0
DA:116,0
DA:119,0
DA:120,0
DA:122,0
DA:124,0
DA:125,0
DA:127,0
DA:129,0
DA:130,0
DA:132,0
DA:134,0
DA:135,0
DA:137,0
DA:139,0
DA:140,0
DA:142,0
DA:144,0
DA:145,0
DA:147,0
DA:149,0
DA:150,0
DA:152,0
DA:154,0
DA:155,0
DA:156,0
DA:158,0
DA:160,0
DA:161,0
DA:163,0
DA:165,0
DA:166,0
DA:168,0
DA:170,0
DA:171,0
DA:173,0
DA:175,0
DA:177,0
DA:178,0
DA:181,0
DA:182,0
DA:184,0
DA:186,0
DA:188,0
DA:189,0
DA:192,0
DA:193,0
DA:198,0
DA:200,0
DA:202,0
DA:203,0
DA:206,0
DA:208,0
DA:210,0
DA:212,0
DA:213,0
DA:215,0
DA:217,0
DA:219,0
DA:220,0
DA:221,0
DA:222,0
DA:224,0
DA:225,0
DA:226,0
DA:228,0
DA:232,0
DA:235,0
DA:238,0
DA:239,0
DA:241,0
DA:243,0
DA:245,0
DA:246,0
DA:249,0
DA:250,0
DA:254,0
DA:256,0
DA:258,0
DA:259,0
DA:262,0
DA:263,0
DA:265,0
DA:267,0
DA:269,0
DA:270,0
DA:273,0
DA:274,0
DA:276,0
DA:278,0
DA:280,0
DA:281,0
DA:284,0
DA:285,0
DA:287,0
DA:289,0
DA:290,0
DA:291,0
DA:293,14
DA:295,14
DA:296,14
DA:297,14
DA:300,14
DA:302,34
DA:304,20
DA:308,14
DA:310,8
DA:311,8
DA:313,14
DA:314,14
DA:316,0
DA:318,0
DA:319,0
DA:320,0
DA:322,0
DA:324,0
DA:327,0
DA:329,0
DA:332,0
DA:334,0
DA:337,0
DA:339,0
DA:342,0
DA:344,0
DA:347,0
DA:349,0
LF:176
LH:12
end_of_record
TN:
SF:/Users/trungpham/Documents/splashkit-core/coresdk/src/coresdk/window_manager.cpp
FNL:0,0,26
FNA:0,4,__cxx_global_var_init
FNL:1,117,126
FNA:1,0,_ZN13splashkit_lib14refresh_windowEPNS_12_window_dataE
FNL:2,128,132
FNA:2,0,_ZN13splashkit_lib14refresh_windowEPNS_12_window_dataEj
FNL:3,134,143
FNA:3,0,_ZN13splashkit_lib12clear_windowEPNS_12_window_dataENS_5colorE
FNL:4,145,171
FNA:4,0,_ZN13splashkit_lib12close_windowEPNS_12_window_dataE
FNL:5,173,176
FNA:5,0,_ZN13splashkit_lib12close_windowERKNSt3__112basic_stringIcNS0_11char_traitsIcEENS0_9allocatorIcEEEE
FNL:6,178,181
FNA:6,0,_ZN13splashkit_lib20close_current_windowEv
FNL:7,183,187
FNA:7,0,_ZN13splashkit_lib17close_all_windowsEv
FNL:8,189,191
FNA:8,0,_ZN13splashkit_lib10has_windowENSt3__112basic_stringIcNS0_11char_traitsIcEENS0_9allocatorIcEEEE
FNL:9,194,200
FNA:9,0,_ZN13splashkit_lib12window_namedENSt3__112basic_stringIcNS0_11char_traitsIcEENS0_9allocatorIcEEEE
FNL:10,202,213
FNA:10,0,_ZN13splashkit_lib17window_with_focusEv
FNL:11,215,224
FNA:11,0,_ZN13splashkit_lib16window_has_focusEPNS_12_window_dataE
FNL:12,226,228
FNA:12,4,_ZN13splashkit_lib14current_windowEv
FNL:13,231,240
FNA:13,0,_ZN13splashkit_lib18set_current_windowEPNS_12_window_dataE
FNL:14,242,245
FNA:14,0,_ZN13splashkit_lib18set_current_windowERKNSt3__112basic_stringIcNS0_11char_traitsIcEENS0_9allocatorIcEEEE
FNL:15,247,249
FNA:15,0,_ZN13splashkit_lib17is_current_windowEPNS_12_window_dataE
FNL:16,252,263
FNA:16,0,_ZN13splashkit_lib22window_close_requestedEPNS_12_window_dataE
FNL:17,265,268
FNA:17,0,_ZN13splashkit_lib22window_close_requestedERKNSt3__112basic_stringIcNS0_11char_traitsIcEENS0_9allocatorIcEEEE
FNL:18,270,279
FNA:18,2,_ZN13splashkit_lib12window_widthEPNS_12_window_dataE
FNL:19,28,30
FNA:19,8,_ZN13splashkit_lib19number_open_windowsEv
FNL:20,281,284
FNA:20,0,_ZN13splashkit_lib12window_widthERKNSt3__112basic_stringIcNS0_11char_traitsIcEENS0_9allocatorIcEEEE
FNL:21,286,288
FNA:21,0,_ZN13splashkit_lib20current_window_widthEv
FNL:22,291,300
FNA:22,2,_ZN13splashkit_lib13window_heightEPNS_12_window_dataE
FNL:23,302,305
FNA:23,0,_ZN13splashkit_lib13window_heightERKNSt3__112basic_stringIcNS0_11char_traitsIcEENS0_9allocatorIcEEEE
FNL:24,307,309
FNA:24,0,_ZN13splashkit_lib21current_window_heightEv
FNL:25,312,321
FNA:25,0,_ZN13splashkit_lib13resize_windowEPNS_12_window_dataEii
FNL:26,323,326
FNA:26,0,_ZN13splashkit_lib21resize_current_windowEii
FNL:27,328,337
FNA:27,0,_ZN13splashkit_lib14move_window_toEPNS_12_window_dataEii
FNL:28,33,96
FNA:28,0,_ZN13splashkit_lib11open_windowENSt3__112basic_stringIcNS0_11char_traitsIcEENS0_9allocatorIcEEEEii
FNL:29,339,342
FNA:29,0,_ZN13splashkit_lib14move_window_toERKNSt3__112basic_stringIcNS0_11char_traitsIcEENS0_9allocatorIcEEEEii
FNL:30,344,347
FNA:30,0,_ZN13splashkit_lib22move_current_window_toEii
FNL:31,349,358
FNA:31,0,_ZN13splashkit_lib20window_is_fullscreenEPNS_12_window_dataE
FNL:32,360,363
FNA:32,0,_ZN13splashkit_lib20window_is_fullscreenERKNSt3__112basic_stringIcNS0_11char_traitsIcEENS0_9allocatorIcEEEE
FNL:33,365,367
FNA:33,0,_ZN13splashkit_lib28current_window_is_fullscreenEv
FNL:34,370,385
FNA:34,0,_ZN13splashkit_lib24window_toggle_fullscreenEPNS_12_window_dataE
FNL:35,387,390
FNA:35,0,_ZN13splashkit_lib24window_toggle_fullscreenERKNSt3__112basic_stringIcNS0_11char_traitsIcEENS0_9allocatorIcEEEE
FNL:36,392,395
FNA:36,0,_ZN13splashkit_lib32current_window_toggle_fullscreenEv
FNL:37,397,406
FNA:37,0,_ZN13splashkit_lib17window_has_borderEPNS_12_window_dataE
FNL:38,408,411
FNA:38,0,_ZN13splashkit_lib17window_has_borderERKNSt3__112basic_stringIcNS0_11char_traitsIcEENS0_9allocatorIcEEEE
FNL:39,413,415
FNA:39,0,_ZN13splashkit_lib25current_window_has_borderEv
FNL:40,418,428
FNA:40,0,_ZN13splashkit_lib20window_toggle_borderEPNS_12_window_dataE
FNL:41,430,433
FNA:41,0,_ZN13splashkit_lib20window_toggle_borderERKNSt3__112basic_stringIcNS0_11char_traitsIcEENS0_9allocatorIcEEEE
FNL:42,435,438
FNA:42,0,_ZN13splashkit_lib28current_window_toggle_borderEv
FNL:43,440,453
FNA:43,0,_ZN13splashkit_lib8window_xEPNS_12_window_dataE
FNL:44,455,458
FNA:44,0,_ZN13splashkit_lib8window_xERKNSt3__112basic_stringIcNS0_11char_traitsIcEENS0_9allocatorIcEEEE
FNL:45,460,462
FNA:45,0,_ZN13splashkit_lib16current_window_xEv
FNL:46,465,478
FNA:46,0,_ZN13splashkit_lib8window_yEPNS_12_window_dataE
FNL:47,480,483
FNA:47,0,_ZN13splashkit_lib8window_yERKNSt3__112basic_stringIcNS0_11char_traitsIcEENS0_9allocatorIcEEEE
FNL:48,485,487
FNA:48,0,_ZN13splashkit_lib16current_window_yEv
FNL:49,490,503
FNA:49,0,_ZN13splashkit_lib15window_positionEPNS_12_window_dataE
FNL:50,505,508
FNA:50,0,_ZN13splashkit_lib15window_positionERKNSt3__112basic_stringIcNS0_11char_traitsIcEENS0_9allocatorIcEEEE
FNL:51,510,512
FNA:51,0,_ZN13splashkit_lib23current_window_positionEv
FNL:52,515,524
FNA:52,0,_ZN13splashkit_lib14window_captionEPNS_12_window_dataE
FNL:53,98,112
FNA:53,0,_ZN13splashkit_lib15window_set_iconEPNS_12_window_dataEPNS_12_bitmap_dataE
FNF:54
FNH:5
DA:26,4
DA:28,8
DA:30,8
DA:33,0
DA:36,0
DA:40,0
DA:42,0
DA:43,0
DA:45,0
DA:47,0
DA:48,0
DA:51,0
DA:53,0
DA:54,0
DA:56,0
DA:58,0
DA:60,0
DA:61,0
DA:62,0
DA:64,0
DA:66,0
DA:67,0
DA:79,0
DA:80,0
DA:82,0
DA:85,0
DA:87,0
DA:89,0
DA:91,0
DA:92,0
DA:93,0
DA:95,0
DA:96,0
DA:98,0
DA:100,0
DA:102,0
DA:103,0
DA:105,0
DA:107,0
DA:108,0
DA:111,0
DA:112,0
DA:117,0
DA:119,0
DA:121,0
DA:122,0
DA:125,0
DA:126,0
DA:128,0
DA:130,0
DA:131,0
DA:132,0
DA:134,0
DA:136,0
DA:138,0
DA:139,0
DA:142,0
DA:143,0
DA:145,0
DA:147,0
DA:149,0
DA:150,0
DA:153,0
DA:155,0
DA:156,0
DA:158,0
DA:160,0
DA:161,0
DA:163,0
DA:164,0
DA:165,0
DA:167,0
DA:168,0
DA:169,0
DA:170,0
DA:171,0
DA:173,0
DA:175,0
DA:176,0
DA:178,0
DA:180,0
DA:181,0
DA:183,0
DA:185,0
DA:186,0
DA:187,0
DA:189,0
DA:191,0
DA:194,0
DA:196,0
DA:197,0
DA:199,0
DA:200,0
DA:202,0
DA:204,0
DA:206,0
DA:208,0
DA:210,0
DA:212,0
DA:213,0
DA:215,0
DA:217,0
DA:219,0
DA:220,0
DA:223,0
DA:224,0
DA:226,4
DA:228,4
DA:231,0
DA:233,0
DA:235,0
DA:236,0
DA:239,0
DA:240,0
DA:242,0
DA:244,0
DA:245,0
DA:247,0
DA:249,0
DA:252,0
DA:254,0
DA:256,0
DA:258,0
DA:259,0
DA:262,0
DA:263,0
DA:265,0
DA:267,0
DA:268,0
DA:270,2
DA:272,2
DA:274,2
DA:275,2
DA:278,0
DA:279,2
DA:281,0
DA:283,0
DA:284,0
DA:286,0
DA:288,0
DA:291,2
DA:293,2
DA:295,2
DA:296,2
DA:299,0
DA:300,2
DA:302,0
DA:304,0
DA:305,0
DA:307,0
DA:309,0
DA:312,0
DA:314,0
DA:316,0
DA:317,0
DA:320,0
DA:321,0
DA:323,0
DA:325,0
DA:326,0
DA:328,0
DA:330,0
DA:332,0
DA:333,0
DA:336,0
DA:337,0
DA:339,0
DA:341,0
DA:342,0
DA:344,0
DA:346,0
DA:347,0
DA:349,0
DA:351,0
DA:353,0
DA:354,0
DA:357,0
DA:358,0
DA:360,0
DA:362,0
DA:363,0
DA:365,0
DA:367,0
DA:370,0
DA:372,0
DA:374,0
DA:375,0
DA:378,0
DA:379,0
DA:381,0
DA:383,0
DA:384,0
DA:385,0
DA:387,0
DA:389,0
DA:390,0
DA:392,0
DA:394,0
DA:395,0
DA:397,0
DA:399,0
DA:401,0
DA:402,0
DA:405,0
DA:406,0
DA:408,0
DA:410,0
DA:411,0
DA:413,0
DA:415,0
DA:418,0
DA:420,0
DA:422,0
DA:423,0
DA:426,0
DA:427,0
DA:428,0
DA:430,0
DA:432,0
DA:433,0
DA:435,0
DA:437,0
DA:438,0
DA:440,0
DA:442,0
DA:444,0
DA:445,0
DA:450,0
DA:452,0
DA:453,0
DA:455,0
DA:457,0
DA:458,0
DA:460,0
DA:462,0
DA:465,0
DA:467,0
DA:469,0
DA:470,0
DA:475,0
DA:477,0
DA:478,0
DA:480,0
DA:482,0
DA:483,0
DA:485,0
DA:487,0
DA:490,0
DA:492,0
DA:494,0
DA:495,0
DA:500,0
DA:502,0
DA:503,0
DA:505,0
DA:507,0
DA:508,0
DA:510,0
DA:512,0
DA:515,0
DA:517,0
DA:519,0
DA:520,0
DA:523,0
DA:524,0
LF:265
LH:15
end_of_record
